JvmtiExport can_access_local_variables 0
JvmtiExport can_hotswap_or_post_breakpoint 0
JvmtiExport can_post_on_exceptions 0
# 460 ciObject found
ciMethod java/lang/Object <init> ()V 4097 1 13842466 0 0
ciMethod java/lang/Object hashCode ()I 3073 1 384 0 -1
ciMethod java/lang/Object equals (Ljava/lang/Object;)Z 4097 1 14478 0 -1
ciMethod java/lang/Object wait (J)V 425 1 53 0 -1
ciMethod java/lang/Object wait ()V 41 1 15 0 0
ciMethod java/lang/String length ()I 4097 1 817927 0 -1
ciMethod java/lang/String startsWith (Ljava/lang/String;)Z 2457 1 84963 0 -1
ciMethod java/lang/String endsWith (Ljava/lang/String;)Z 3265 1 26209 0 -1
ciMethod java/lang/Thread currentThread ()Ljava/lang/Thread; 2049 1 256 0 -1
ciMethod java/lang/Thread start ()V 57 1 8 0 0
ciMethod java/lang/Thread start0 ()V 65 1 8 0 -1
ciMethod java/lang/Thread interrupted ()Z 2049 1 22158 0 96
ciMethod java/lang/Thread isInterrupted (Z)Z 2049 1 256 0 -1
ciMethod java/lang/Thread isAlive ()Z 65 1 8 0 -1
ciMethod java/lang/ThreadGroup add (Ljava/lang/Thread;)V 89 1 11 0 -1
ciMethod java/lang/ThreadGroup threadStartFailed (Ljava/lang/Thread;)V 0 0 1 0 -1
ciMethod sun/misc/Unsafe putObject (Ljava/lang/Object;JLjava/lang/Object;)V 2049 1 256 0 -1
ciMethod sun/misc/Unsafe compareAndSwapObject (Ljava/lang/Object;JLjava/lang/Object;Ljava/lang/Object;)Z 3073 1 384 0 -1
ciMethod sun/misc/Unsafe compareAndSwapInt (Ljava/lang/Object;JII)Z 2049 1 256 0 -1
ciMethod sun/misc/Unsafe unpark (Ljava/lang/Object;)V 2057 1 257 0 -1
ciMethod sun/misc/Unsafe park (ZJ)V 3081 1 385 0 -1
ciMethod sun/misc/Unsafe getAndAddInt (Ljava/lang/Object;JI)I 4145 2097 518 0 -1
ciMethod java/lang/Boolean valueOf (Z)Ljava/lang/Boolean; 7217 1 11798 0 -1
ciMethod java/util/Collection size ()I 0 0 1 0 -1
ciMethod java/util/List add (Ljava/lang/Object;)Z 0 0 1 0 -1
ciMethod java/util/AbstractCollection <init> ()V 297 1 1970780 0 32
ciMethod java/util/ArrayList ensureCapacityInternal (I)V 337 1 4309756 0 -1
ciMethod java/util/ArrayList add (Ljava/lang/Object;)Z 337 1 4179030 0 -1
ciMethod java/util/HashMap hash (Ljava/lang/Object;)I 2049 1 1230061 0 0
ciMethod java/util/HashMap size ()I 1241 1 155 0 -1
ciMethod java/util/HashMap put (Ljava/lang/Object;Ljava/lang/Object;)Ljava/lang/Object; 4033 1 271887 0 224
ciMethod java/util/HashMap putVal (ILjava/lang/Object;Ljava/lang/Object;ZZ)Ljava/lang/Object; 1229313 133025 285391 0 4800
ciMethod java/util/HashMap resize ()[Ljava/util/HashMap$Node; 1976121 12001545 248042 0 -1
ciMethod java/util/HashMap treeifyBin ([Ljava/util/HashMap$Node;I)V 1 1 1040 0 -1
ciMethod java/util/HashMap newNode (ILjava/lang/Object;Ljava/lang/Object;Ljava/util/HashMap$Node;)Ljava/util/HashMap$Node; 3857 1 271690 0 -1
ciMethod java/util/HashMap afterNodeAccess (Ljava/util/HashMap$Node;)V 17337 1 3703 0 -1
ciMethod java/util/HashMap afterNodeInsertion (Z)V 3857 1 1520 0 -1
ciMethod java/util/concurrent/atomic/AtomicInteger get ()I 1025 1 128 0 0
ciMethod java/util/concurrent/atomic/AtomicInteger compareAndSet (II)Z 41 1 6 0 -1
ciMethod java/util/concurrent/atomic/AtomicInteger getAndIncrement ()I 2129 1 5152 0 0
ciMethod java/util/TreeMap size ()I 1033 1 129 0 0
ciMethod java/util/TreeMap values ()Ljava/util/Collection; 5121 1 131122 0 192
ciMethodData java/lang/Object <init> ()V 2 13842466 orig 264 8 30 98 112 0 0 0 0 128 4 36 27 0 0 0 0 32 1 0 0 0 0 0 0 0 0 0 0 0 0 0 0 0 0 0 0 0 0 0 0 0 0 0 0 0 0 0 0 0 0 0 0 0 0 0 0 0 0 0 0 0 0 0 0 0 0 0 0 0 0 0 0 0 0 0 0 0 0 0 0 77 68 79 32 101 120 116 114 97 32 100 97 116 97 32 108 111 99 107 0 0 0 0 0 0 0 0 0 0 0 0 0 0 0 0 0 0 0 0 0 0 0 0 0 0 0 0 0 0 0 0 0 0 0 0 0 0 0 0 0 0 0 0 0 0 0 0 0 0 0 0 0 0 0 0 0 0 0 0 0 0 0 0 0 0 0 0 0 0 0 0 0 0 0 0 0 0 0 0 0 0 0 0 0 1 0 0 0 0 0 0 0 1 0 0 0 0 0 0 0 1 0 0 0 0 0 0 0 0 0 0 0 0 0 0 0 0 2 0 0 17 177 153 6 1 0 0 0 0 0 0 0 0 0 0 0 2 0 0 0 0 0 3 0 1 0 0 0 0 0 0 0 255 255 255 255 0 0 0 0 0 0 0 0 data 0 oops 0
ciMethod java/util/concurrent/locks/ReentrantLock lock ()V 4505 1 11429 0 0
ciMethod java/util/concurrent/locks/ReentrantLock unlock ()V 8617 1 17074 0 0
ciMethod java/util/HashMap$TreeNode putTreeVal (Ljava/util/HashMap;[Ljava/util/HashMap$Node;ILjava/lang/Object;Ljava/lang/Object;)Ljava/util/HashMap$TreeNode; 16385 43305 2688 0 -1
ciMethod java/util/HashSet size ()I 41 1 6 0 0
ciMethod java/util/HashSet add (Ljava/lang/Object;)Z 4097 1 157269 0 256
ciMethod java/util/HashSet remove (Ljava/lang/Object;)Z 0 0 1 0 -1
ciMethod java/util/concurrent/RejectedExecutionHandler rejectedExecution (Ljava/lang/Runnable;Ljava/util/concurrent/ThreadPoolExecutor;)V 0 0 1 0 -1
ciMethod java/util/concurrent/BlockingQueue offer (Ljava/lang/Object;)Z 0 0 1 0 -1
ciMethod java/util/concurrent/BlockingQueue isEmpty ()Z 0 0 1 0 -1
ciMethod java/util/concurrent/Executor execute (Ljava/lang/Runnable;)V 0 0 1 0 -1
ciMethod java/util/concurrent/ExecutorService submit (Ljava/util/concurrent/Callable;)Ljava/util/concurrent/Future; 0 0 1 0 -1
ciMethodData java/util/HashMap hash (Ljava/lang/Object;)I 2 1230061 orig 264 8 30 98 112 0 0 0 0 152 115 50 27 0 0 0 0 176 1 0 0 32 0 0 0 0 0 0 0 0 0 0 0 0 0 0 0 0 0 0 0 0 0 0 0 0 0 0 0 0 0 0 0 0 0 0 0 0 0 0 0 0 0 0 0 0 0 0 0 0 0 0 0 0 0 0 0 0 0 0 0 77 68 79 32 101 120 116 114 97 32 100 97 116 97 32 108 111 99 107 0 0 0 0 0 0 0 0 0 0 0 0 0 0 0 0 0 0 0 0 0 0 0 0 0 0 0 0 0 0 0 0 0 0 0 0 0 0 0 0 0 0 0 0 0 0 0 0 0 0 0 0 0 0 0 0 0 0 0 0 0 0 0 0 0 0 0 0 0 0 0 0 0 0 0 0 0 0 0 0 0 0 0 0 0 17 0 0 0 0 0 0 0 0 0 0 0 0 0 0 0 0 0 0 0 0 0 0 0 0 0 0 0 0 0 0 0 0 1 0 0 105 31 150 0 1 0 0 0 0 0 0 0 0 0 0 0 2 0 0 0 0 0 6 0 2 0 0 0 104 0 0 0 255 255 255 255 7 0 1 0 0 0 0 0 data 13 0x10007 0x12c434 0x38 0x0 0x50003 0x0 0x48 0x90005 0x5ee5c 0x1bb14970 0x2af0f 0x1d25d360 0x15c oops 2 9 java/lang/String 11 java/security/CodeSource
ciMethodData java/util/HashMap put (Ljava/lang/Object;Ljava/lang/Object;)Ljava/lang/Object; 2 271887 orig 264 8 30 98 112 0 0 0 0 136 126 50 27 0 0 0 0 152 1 0 0 0 0 0 0 0 0 0 0 0 0 0 0 0 0 0 0 0 0 0 0 0 0 0 0 0 0 0 0 0 0 0 0 0 0 0 0 0 0 0 0 0 0 0 0 0 0 0 0 0 0 0 0 0 0 0 0 0 0 0 0 77 68 79 32 101 120 116 114 97 32 100 97 116 97 32 108 111 99 107 0 0 0 0 0 0 0 0 0 0 0 0 0 0 0 0 0 0 0 0 0 0 0 0 0 0 0 0 0 0 0 0 0 0 0 0 0 0 0 0 0 0 0 0 0 0 0 0 0 0 0 0 0 0 0 0 0 0 0 0 0 0 0 0 0 0 0 0 0 0 0 0 0 0 0 0 0 0 0 0 0 0 0 0 0 17 0 0 0 0 0 0 0 0 0 0 0 0 0 0 0 0 0 0 0 0 0 0 0 0 0 0 0 0 0 0 0 248 1 0 0 185 32 33 0 1 0 0 0 216 162 0 0 0 0 0 0 2 0 0 0 0 0 7 0 2 0 0 0 64 0 0 0 255 255 255 255 2 0 2 0 0 0 0 0 data 8 0x20002 0x4241a 0x90005 0x1 0x1f5cbf80 0x4242b 0x0 0x0 oops 1 4 java/util/HashMap
ciMethodData java/util/HashSet add (Ljava/lang/Object;)Z 2 157269 orig 264 8 30 98 112 0 0 0 0 168 40 66 27 0 0 0 0 184 1 0 0 0 0 0 0 0 0 0 0 0 0 0 0 0 0 0 0 0 0 0 0 0 0 0 0 0 0 0 0 0 0 0 0 0 0 0 0 0 0 0 0 0 0 0 0 0 0 0 0 0 0 0 0 0 0 0 0 0 0 0 0 77 68 79 32 101 120 116 114 97 32 100 97 116 97 32 108 111 99 107 0 0 0 0 0 0 0 0 0 0 0 0 0 0 0 0 0 0 0 0 0 0 0 0 0 0 0 0 0 0 0 0 0 0 0 0 0 0 0 0 0 0 0 0 0 0 0 0 0 0 0 0 0 0 0 0 0 0 0 0 0 0 0 0 0 0 0 0 0 0 0 0 0 0 0 0 0 0 0 0 0 0 0 0 0 17 0 0 0 0 0 0 0 0 0 0 0 0 0 0 0 1 0 0 0 0 0 0 0 0 0 0 0 0 0 0 0 0 2 0 0 169 34 19 0 1 0 0 0 0 0 0 0 0 0 0 0 2 0 0 0 0 0 11 0 2 0 0 0 104 0 0 0 255 255 255 255 5 0 8 0 0 0 0 0 data 13 0x80005 0x0 0x1f5cbf80 0x26455 0x0 0x0 0xb0007 0x8f64 0x38 0x1d4f3 0xf0003 0x1d4f3 0x18 oops 1 2 java/util/HashMap
ciMethod java/util/concurrent/ThreadPoolExecutor runStateOf (I)I 4297 1 6150 0 0
ciMethod java/util/concurrent/ThreadPoolExecutor workerCountOf (I)I 4097 1 25747 0 0
ciMethod java/util/concurrent/ThreadPoolExecutor isRunning (I)Z 5961 1 20361 0 0
ciMethod java/util/concurrent/ThreadPoolExecutor compareAndIncrementWorkerCount (I)Z 41 1 6 0 0
ciMethod java/util/concurrent/ThreadPoolExecutor decrementWorkerCount ()V 1 1 1 0 -1
ciMethod java/util/concurrent/ThreadPoolExecutor tryTerminate ()V 0 0 1 0 -1
ciMethod java/util/concurrent/ThreadPoolExecutor reject (Ljava/lang/Runnable;)V 113 1 552 0 0
ciMethod java/util/concurrent/ThreadPoolExecutor addWorker (Ljava/lang/Runnable;Z)Z 153 1 672 0 0
ciMethod java/util/concurrent/ThreadPoolExecutor addWorkerFailed (Ljava/util/concurrent/ThreadPoolExecutor$Worker;)V 0 0 1 0 0
ciMethod java/util/concurrent/ThreadPoolExecutor execute (Ljava/lang/Runnable;)V 65561 1 17970 0 0
ciMethod java/util/concurrent/ThreadPoolExecutor getThreadFactory ()Ljava/util/concurrent/ThreadFactory; 41 1 5 0 0
ciMethod java/util/concurrent/ThreadPoolExecutor remove (Ljava/lang/Runnable;)Z 0 0 1 0 -1
ciMethod java/util/concurrent/AbstractExecutorService newTaskFor (Ljava/util/concurrent/Callable;)Ljava/util/concurrent/RunnableFuture; 2041 1 10031 0 224
ciMethod java/util/concurrent/AbstractExecutorService submit (Ljava/util/concurrent/Callable;)Ljava/util/concurrent/Future; 65561 1 17970 0 0
ciMethod java/util/concurrent/LinkedBlockingQueue signalNotEmpty ()V 353 1 1139 0 0
ciMethod java/util/concurrent/LinkedBlockingQueue enqueue (Ljava/util/concurrent/LinkedBlockingQueue$Node;)V 2041 1 5143 0 0
ciMethod java/util/concurrent/LinkedBlockingQueue offer (Ljava/lang/Object;)Z 32769 1 8983 0 0
ciMethod java/util/concurrent/locks/ReentrantLock$NonfairSync lock ()V 49153 1 11264 0 128
ciMethod java/util/concurrent/locks/ReentrantLock$Sync lock ()V 0 0 1 0 -1
ciMethod java/util/concurrent/locks/ReentrantLock$Sync tryRelease (I)Z 3073 1 20884 0 160
ciMethod java/util/concurrent/locks/ReentrantLock$Sync isHeldExclusively ()Z 131209 1 21521 0 96
ciMethod java/util/concurrent/locks/AbstractQueuedSynchronizer <init> ()V 105 1 14 0 0
ciMethod java/util/concurrent/locks/AbstractQueuedSynchronizer getState ()I 1097 1 137 0 0
ciMethod java/util/concurrent/locks/AbstractQueuedSynchronizer setState (I)V 4097 1 26318 0 0
ciMethod java/util/concurrent/locks/AbstractQueuedSynchronizer compareAndSetState (II)Z 4097 1 24340 0 0
ciMethod java/util/concurrent/locks/AbstractQueuedSynchronizer enq (Ljava/util/concurrent/locks/AbstractQueuedSynchronizer$Node;)Ljava/util/concurrent/locks/AbstractQueuedSynchronizer$Node; 32769 17 7917 0 0
ciMethod java/util/concurrent/locks/AbstractQueuedSynchronizer addWaiter (Ljava/util/concurrent/locks/AbstractQueuedSynchronizer$Node;)Ljava/util/concurrent/locks/AbstractQueuedSynchronizer$Node; 49161 1 11220 0 0
ciMethod java/util/concurrent/locks/AbstractQueuedSynchronizer setHead (Ljava/util/concurrent/locks/AbstractQueuedSynchronizer$Node;)V 3393 1 4272 0 0
ciMethod java/util/concurrent/locks/AbstractQueuedSynchronizer unparkSuccessor (Ljava/util/concurrent/locks/AbstractQueuedSynchronizer$Node;)V 81929 1 11550 0 0
ciMethod java/util/concurrent/locks/AbstractQueuedSynchronizer cancelAcquire (Ljava/util/concurrent/locks/AbstractQueuedSynchronizer$Node;)V 0 0 1 0 0
ciMethod java/util/concurrent/locks/AbstractQueuedSynchronizer shouldParkAfterFailedAcquire (Ljava/util/concurrent/locks/AbstractQueuedSynchronizer$Node;Ljava/util/concurrent/locks/AbstractQueuedSynchronizer$Node;)Z 98305 1 17411 0 128
ciMethod java/util/concurrent/locks/AbstractQueuedSynchronizer selfInterrupt ()V 0 0 1 0 -1
ciMethod java/util/concurrent/locks/AbstractQueuedSynchronizer parkAndCheckInterrupt ()Z 1521 1 2540 0 0
ciMethod java/util/concurrent/locks/AbstractQueuedSynchronizer acquireQueued (Ljava/util/concurrent/locks/AbstractQueuedSynchronizer$Node;I)Z 65537 54105 11522 0 0
ciMethod java/util/concurrent/locks/AbstractQueuedSynchronizer tryAcquire (I)Z 0 0 1 0 -1
ciMethod java/util/concurrent/locks/AbstractQueuedSynchronizer tryRelease (I)Z 0 0 1 0 -1
ciMethod java/util/concurrent/locks/AbstractQueuedSynchronizer isHeldExclusively ()Z 0 0 1 0 -1
ciMethod java/util/concurrent/locks/AbstractQueuedSynchronizer acquire (I)V 2049 1 10570 0 0
ciMethod java/util/concurrent/locks/AbstractQueuedSynchronizer release (I)Z 4097 1 24453 0 288
ciMethod java/util/concurrent/locks/AbstractQueuedSynchronizer hasQueuedPredecessors ()Z 140489 1 17690 0 0
ciMethod java/util/concurrent/locks/AbstractQueuedSynchronizer transferForSignal (Ljava/util/concurrent/locks/AbstractQueuedSynchronizer$Node;)Z 32769 1 7915 0 0
ciMethod java/util/concurrent/locks/AbstractQueuedSynchronizer compareAndSetHead (Ljava/util/concurrent/locks/AbstractQueuedSynchronizer$Node;)Z 17 1 2 0 -1
ciMethod java/util/concurrent/locks/AbstractQueuedSynchronizer compareAndSetTail (Ljava/util/concurrent/locks/AbstractQueuedSynchronizer$Node;Ljava/util/concurrent/locks/AbstractQueuedSynchronizer$Node;)Z 5345 1 9181 0 0
ciMethod java/util/concurrent/locks/AbstractQueuedSynchronizer compareAndSetWaitStatus (Ljava/util/concurrent/locks/AbstractQueuedSynchronizer$Node;II)Z 2049 1 12244 0 0
ciMethod java/util/concurrent/locks/AbstractQueuedSynchronizer compareAndSetNext (Ljava/util/concurrent/locks/AbstractQueuedSynchronizer$Node;Ljava/util/concurrent/locks/AbstractQueuedSynchronizer$Node;Ljava/util/concurrent/locks/AbstractQueuedSynchronizer$Node;)Z 0 0 1 0 -1
ciMethod java/util/concurrent/locks/AbstractOwnableSynchronizer <init> ()V 105 1 14 0 0
ciMethod java/util/concurrent/locks/AbstractOwnableSynchronizer setExclusiveOwnerThread (Ljava/lang/Thread;)V 3097 1 50205 0 0
ciMethod java/util/concurrent/locks/AbstractOwnableSynchronizer getExclusiveOwnerThread ()Ljava/lang/Thread; 1113 1 139 0 0
ciMethod java/util/concurrent/locks/AbstractQueuedSynchronizer$Node predecessor ()Ljava/util/concurrent/locks/AbstractQueuedSynchronizer$Node; 2049 1 9354 0 0
ciMethod java/util/concurrent/locks/AbstractQueuedSynchronizer$Node <init> ()V 25 1 3 0 -1
ciMethod java/util/concurrent/locks/AbstractQueuedSynchronizer$Node <init> (Ljava/lang/Thread;Ljava/util/concurrent/locks/AbstractQueuedSynchronizer$Node;)V 2625 1 5149 0 0
ciMethod java/util/concurrent/locks/Condition signal ()V 0 0 1 0 -1
ciMethod java/util/concurrent/locks/AbstractQueuedSynchronizer$ConditionObject doSignal (Ljava/util/concurrent/locks/AbstractQueuedSynchronizer$Node;)V 32769 1 7915 0 0
ciMethod java/util/concurrent/locks/AbstractQueuedSynchronizer$ConditionObject signal ()V 33049 1 17447 0 544
ciMethod java/util/concurrent/LinkedBlockingQueue$Node <init> (Ljava/lang/Object;)V 2073 1 5145 0 0
ciMethod java/util/concurrent/ThreadFactory newThread (Ljava/lang/Runnable;)Ljava/lang/Thread; 0 0 1 0 -1
ciMethodData java/util/AbstractCollection <init> ()V 2 1970780 orig 264 8 30 98 112 0 0 0 0 216 113 48 27 0 0 0 0 48 1 0 0 0 0 0 0 0 0 0 0 0 0 0 0 0 0 0 0 0 0 0 0 0 0 0 0 0 0 0 0 0 0 0 0 0 0 0 0 0 0 0 0 0 0 0 0 0 0 0 0 0 0 0 0 0 0 0 0 0 0 0 0 77 68 79 32 101 120 116 114 97 32 100 97 116 97 32 108 111 99 107 0 0 0 0 0 0 0 0 0 0 0 0 0 0 0 0 0 0 0 0 0 0 0 0 0 0 0 0 0 0 0 0 0 0 0 0 0 0 0 0 0 0 0 0 0 0 0 0 0 0 0 0 0 0 0 0 0 0 0 0 0 0 0 0 0 0 0 0 0 0 0 0 0 0 0 0 0 0 0 0 0 0 0 0 0 1 0 0 0 0 0 0 0 0 0 0 0 0 0 0 0 1 0 0 0 0 0 0 0 0 0 0 0 0 0 0 0 37 0 0 0 185 145 240 0 1 0 0 0 0 0 0 0 0 0 0 0 2 0 0 0 0 0 3 0 2 0 0 0 16 0 0 0 255 255 255 255 2 0 1 0 0 0 0 0 data 2 0x10002 0x1e132d oops 0
ciMethod java/util/concurrent/ArrayBlockingQueue checkNotNull (Ljava/lang/Object;)V 2041 1 5141 0 0
ciMethod java/util/concurrent/ArrayBlockingQueue enqueue (Ljava/lang/Object;)V 32769 1 8316 0 0
ciMethod java/util/concurrent/ArrayBlockingQueue offer (Ljava/lang/Object;)Z 32769 1 8981 0 0
ciMethod java/util/concurrent/locks/ReentrantLock$FairSync lock ()V 32769 1 8981 0 0
ciMethod java/util/concurrent/locks/ReentrantLock$FairSync tryAcquire (I)Z 2049 1 17704 0 224
ciMethod java/util/concurrent/Executors$DelegatedExecutorService submit (Ljava/util/concurrent/Callable;)Ljava/util/concurrent/Future; 32777 1 10250 0 0
ciMethod java/util/TreeMap$Values <init> (Ljava/util/TreeMap;)V 5769 1 43741 0 0
ciMethod java/util/TreeMap$Values size ()I 65569 1 13319 0 64
ciMethod java/util/concurrent/FutureTask <init> (Ljava/util/concurrent/Callable;)V 2041 1 10031 0 0
ciMethod java/util/concurrent/ThreadPoolExecutor$Worker <init> (Ljava/util/concurrent/ThreadPoolExecutor;Ljava/lang/Runnable;)V 41 1 6 0 0
ciMethod java/util/concurrent/locks/LockSupport setBlocker (Ljava/lang/Thread;Ljava/lang/Object;)V 2049 1 9693 0 0
ciMethod java/util/concurrent/locks/LockSupport unpark (Ljava/lang/Thread;)V 2001 1 2214 0 0
ciMethod java/util/concurrent/locks/LockSupport park (Ljava/lang/Object;)V 7257 1 5406 0 0
ciMethodData java/lang/Thread interrupted ()Z 2 22158 orig 264 8 30 98 112 0 0 0 0 248 220 38 27 0 0 0 0 96 1 0 0 0 0 0 0 0 0 0 0 0 0 0 0 0 0 0 0 0 0 0 0 0 0 0 0 0 0 0 0 0 0 0 0 0 0 0 0 0 0 0 0 0 0 0 0 0 0 0 0 0 0 0 0 0 0 0 0 0 0 0 0 77 68 79 32 101 120 116 114 97 32 100 97 116 97 32 108 111 99 107 0 0 0 0 0 0 0 0 0 0 0 0 0 0 0 0 0 0 0 0 0 0 0 0 0 0 0 0 0 0 0 0 0 0 0 0 0 0 0 0 0 0 0 0 0 0 0 0 0 0 0 0 0 0 0 0 0 0 0 0 0 0 0 0 0 0 0 0 0 0 0 0 0 0 0 0 0 0 0 0 0 0 0 0 0 0 0 0 0 0 0 0 0 0 0 0 0 0 0 0 0 0 0 0 0 0 0 0 0 0 0 0 0 0 0 0 0 0 1 0 0 113 172 2 0 1 0 0 0 0 0 0 0 0 0 0 0 2 0 0 0 0 0 3 0 2 0 0 0 32 0 0 0 255 255 255 255 2 0 0 0 0 0 0 0 data 4 0x2 0x558f 0x40002 0x5590 oops 0
ciMethodData java/util/concurrent/locks/AbstractOwnableSynchronizer setExclusiveOwnerThread (Ljava/lang/Thread;)V 2 50205 orig 264 8 30 98 112 0 0 0 0 232 216 76 27 0 0 0 0 40 1 0 0 0 0 0 0 0 0 0 0 0 0 0 0 0 0 0 0 0 0 0 0 0 0 0 0 0 0 0 0 0 0 0 0 0 0 0 0 0 0 0 0 0 0 0 0 0 0 0 0 0 0 0 0 0 0 0 0 0 0 0 0 77 68 79 32 101 120 116 114 97 32 100 97 116 97 32 108 111 99 107 0 0 0 0 0 0 0 0 0 0 0 0 0 0 0 0 0 0 0 0 0 0 0 0 0 0 0 0 0 0 0 0 0 0 0 0 0 0 0 0 0 0 0 0 0 0 0 0 0 0 0 0 0 0 0 0 0 0 0 0 0 0 0 0 0 0 0 0 0 0 0 0 0 0 0 0 0 0 0 0 0 0 0 0 0 0 0 0 0 0 0 0 0 0 0 0 0 0 0 0 0 0 0 0 0 0 0 0 0 0 0 0 0 0 0 0 0 131 1 0 0 209 20 6 0 1 0 0 0 0 0 0 0 0 0 0 0 2 0 0 0 0 0 3 0 1 0 0 0 0 0 0 0 255 255 255 255 0 0 0 0 0 0 0 0 data 0 oops 0
ciMethodData java/util/TreeMap values ()Ljava/util/Collection; 2 131122 orig 264 8 30 98 112 0 0 0 0 8 210 54 27 0 0 0 0 80 1 0 0 0 0 0 0 0 0 0 0 0 0 0 0 0 0 0 0 0 0 0 0 0 0 0 0 0 0 0 0 0 0 0 0 0 0 0 0 0 0 0 0 0 0 0 0 0 0 0 0 0 0 0 0 0 0 0 0 0 0 0 0 77 68 79 32 101 120 116 114 97 32 100 97 116 97 32 108 111 99 107 0 0 0 0 0 0 0 0 0 0 0 0 0 0 0 0 0 0 0 0 0 0 0 0 0 0 0 0 0 0 0 0 0 0 0 0 0 0 0 0 0 0 0 0 0 0 0 0 0 0 0 0 0 0 0 0 0 0 0 0 0 0 0 0 0 0 0 0 0 0 0 0 0 0 0 0 0 0 0 0 0 0 0 0 0 0 0 0 0 0 0 0 0 0 0 0 0 0 0 0 0 0 0 0 0 0 0 0 0 0 0 0 0 0 0 0 0 128 2 0 0 145 237 15 0 1 0 0 0 0 0 0 0 0 0 0 0 2 0 0 0 0 0 6 0 2 0 0 0 48 0 0 0 255 255 255 255 7 0 6 0 0 0 0 0 data 6 0x60007 0x15476 0x30 0xa945 0xe0002 0xa94b oops 0
ciMethodData java/util/TreeMap$Values <init> (Ljava/util/TreeMap;)V 2 43741 orig 264 8 30 98 112 0 0 0 0 40 186 83 27 0 0 0 0 56 1 0 0 0 0 0 0 0 0 0 0 0 0 0 0 0 0 0 0 0 0 0 0 0 0 0 0 0 0 0 0 0 0 0 0 0 0 0 0 0 0 0 0 0 0 0 0 0 0 0 0 0 0 0 0 0 0 0 0 0 0 0 0 77 68 79 32 101 120 116 114 97 32 100 97 116 97 32 108 111 99 107 0 0 0 0 0 0 0 0 0 0 0 0 0 0 0 0 0 0 0 0 0 0 0 0 0 0 0 0 0 0 0 0 0 0 0 0 0 0 0 0 0 0 0 0 0 0 0 0 0 0 0 0 0 0 0 0 0 0 0 0 0 0 0 0 0 0 0 0 0 0 0 0 0 0 0 0 0 0 0 0 0 0 0 0 0 0 0 0 0 0 0 0 0 0 0 0 0 0 0 0 0 0 0 0 0 0 0 0 0 0 0 0 0 0 0 0 0 209 2 0 0 97 64 5 0 1 0 0 0 0 0 0 0 0 0 0 0 2 0 0 0 0 0 0 0 0 0 0 0 16 0 0 0 255 255 255 255 2 0 6 0 0 0 0 0 data 2 0x60002 0xa810 oops 0
ciMethodData java/util/concurrent/locks/AbstractQueuedSynchronizer setState (I)V 2 26318 orig 264 8 30 98 112 0 0 0 0 0 170 76 27 0 0 0 0 40 1 0 0 0 0 0 0 0 0 0 0 0 0 0 0 0 0 0 0 0 0 0 0 0 0 0 0 0 0 0 0 0 0 0 0 0 0 0 0 0 0 0 0 0 0 0 0 0 0 0 0 0 0 0 0 0 0 0 0 0 0 0 0 77 68 79 32 101 120 116 114 97 32 100 97 116 97 32 108 111 99 107 0 0 0 0 0 0 0 0 0 0 0 0 0 0 0 0 0 0 0 0 0 0 0 0 0 0 0 0 0 0 0 0 0 0 0 0 0 0 0 0 0 0 0 0 0 0 0 0 0 0 0 0 0 0 0 0 0 0 0 0 0 0 0 0 0 0 0 0 0 0 0 0 0 0 0 0 0 0 0 0 0 0 0 0 0 0 0 0 0 0 0 0 0 0 0 0 0 0 0 0 0 0 0 0 0 0 0 0 0 0 0 0 0 0 0 0 0 0 2 0 0 113 38 3 0 1 0 0 0 0 0 0 0 0 0 0 0 2 0 0 0 0 0 3 0 1 0 0 0 0 0 0 0 255 255 255 255 0 0 0 0 0 0 0 0 data 0 oops 0
ciMethodData java/util/concurrent/locks/AbstractQueuedSynchronizer release (I)Z 2 24453 orig 264 8 30 98 112 0 0 0 0 16 192 76 27 0 0 0 0 240 1 0 0 0 0 0 0 0 0 0 0 0 0 0 0 0 0 0 0 0 0 0 0 0 0 0 0 0 0 0 0 0 0 0 0 0 0 0 0 0 0 0 0 0 0 0 0 0 0 0 0 0 0 0 0 0 0 0 0 0 0 0 0 77 68 79 32 101 120 116 114 97 32 100 97 116 97 32 108 111 99 107 0 0 0 0 0 0 0 0 0 0 0 0 0 0 0 0 0 0 0 0 0 0 0 0 0 0 0 0 0 0 0 0 0 0 0 0 0 0 0 0 0 0 0 0 0 0 0 0 0 0 0 0 0 0 0 0 0 0 0 0 0 0 0 0 0 0 0 0 0 0 0 0 0 0 0 0 0 0 0 0 0 0 0 0 0 0 0 0 0 0 0 0 0 0 0 0 0 0 0 0 0 0 0 0 0 0 0 0 0 0 0 0 0 0 0 0 0 0 2 0 0 41 236 2 0 1 0 0 0 0 0 0 0 0 0 0 0 2 0 0 0 0 0 10 0 2 0 0 0 160 0 0 0 255 255 255 255 5 0 2 0 0 0 0 0 data 20 0x20005 0x243d 0x1f68d780 0x24b1 0x1e8dc0b0 0x1498 0x50007 0x0 0x70 0x5d86 0xe0007 0x22e6 0x50 0x3a9f 0x150007 0x18e8 0x30 0x21b8 0x1a0002 0x21b8 oops 2 2 java/util/concurrent/locks/ReentrantLock$FairSync 4 java/util/concurrent/ThreadPoolExecutor$Worker
ciMethodData java/util/concurrent/locks/AbstractQueuedSynchronizer unparkSuccessor (Ljava/util/concurrent/locks/AbstractQueuedSynchronizer$Node;)V 2 11550 orig 264 8 30 98 112 0 0 0 0 208 173 76 27 0 0 0 0 104 2 0 0 80 0 0 0 0 0 0 0 0 0 0 0 0 0 0 0 0 0 0 0 0 0 0 0 0 0 0 0 0 0 0 0 0 0 0 0 0 0 0 0 0 0 0 0 0 0 0 0 0 0 0 0 0 0 0 0 0 0 0 0 77 68 79 32 101 120 116 114 97 32 100 97 116 97 32 108 111 99 107 0 0 0 0 0 0 0 0 0 0 0 0 0 0 0 0 0 0 0 0 0 0 0 0 0 0 0 0 0 0 0 0 0 0 0 0 0 0 0 0 0 0 0 0 0 0 0 0 0 0 0 0 0 0 0 0 0 0 0 0 0 0 0 0 0 0 0 0 0 0 0 0 0 0 0 0 0 0 0 0 0 0 0 0 0 0 0 0 0 0 0 0 0 0 0 0 0 0 0 0 0 0 0 0 0 0 0 0 0 0 0 0 0 0 0 0 0 95 0 0 0 233 40 0 0 1 0 0 0 0 0 0 0 0 0 0 0 2 0 0 0 1 0 26 0 2 0 0 0 24 1 0 0 255 255 255 255 7 0 6 0 0 0 0 0 data 35 0x60007 0x0 0x30 0x51d 0xc0002 0x51d 0x160007 0x0 0x40 0x51d 0x1d0007 0x51d 0x98 0x0 0x2a0007 0x0 0x78 0x0 0x300007 0x0 0x58 0x0 0x380007 0x0 0x20 0x0 0x450003 0x0 0xffffffffffffffa0 0x490007 0x0 0x30 0x51d 0x500002 0x51d oops 0
ciMethodData java/util/concurrent/locks/AbstractQueuedSynchronizer compareAndSetState (II)Z 2 24340 orig 264 8 30 98 112 0 0 0 0 160 170 76 27 0 0 0 0 136 1 0 0 0 0 0 0 0 0 0 0 0 0 0 0 0 0 0 0 0 0 0 0 0 0 0 0 0 0 0 0 0 0 0 0 0 0 0 0 0 0 0 0 0 0 0 0 0 0 0 0 0 0 0 0 0 0 0 0 0 0 0 0 77 68 79 32 101 120 116 114 97 32 100 97 116 97 32 108 111 99 107 0 0 0 0 0 0 0 0 0 0 0 0 0 0 0 0 0 0 0 0 0 0 0 0 0 0 0 0 0 0 0 0 0 0 0 0 0 0 0 0 0 0 0 0 0 0 0 0 0 0 0 0 0 0 0 0 0 0 0 0 0 0 0 0 0 0 0 0 0 0 0 0 0 0 0 0 0 0 0 0 0 0 0 0 0 0 0 0 0 0 0 0 0 0 0 0 0 0 0 0 0 0 0 0 0 0 0 0 0 0 0 0 0 0 0 0 0 0 2 0 0 161 232 2 0 1 0 0 0 0 0 0 0 0 0 0 0 2 0 0 0 0 0 3 0 1 0 0 0 48 0 0 0 255 255 255 255 5 0 9 0 0 0 0 0 data 6 0x90005 0x1 0x0 0x0 0x0 0x0 oops 0
ciMethodData java/util/concurrent/locks/AbstractQueuedSynchronizer compareAndSetWaitStatus (Ljava/util/concurrent/locks/AbstractQueuedSynchronizer$Node;II)Z 2 12244 orig 264 8 30 98 112 0 0 0 0 56 212 76 27 0 0 0 0 136 1 0 0 0 0 0 0 0 0 0 0 0 0 0 0 0 0 0 0 0 0 0 0 0 0 0 0 0 0 0 0 0 0 0 0 0 0 0 0 0 0 0 0 0 0 0 0 0 0 0 0 0 0 0 0 0 0 0 0 0 0 0 0 77 68 79 32 101 120 116 114 97 32 100 97 116 97 32 108 111 99 107 0 0 0 0 0 0 0 0 0 0 0 0 0 0 0 0 0 0 0 0 0 0 0 0 0 0 0 0 0 0 0 0 0 0 0 0 0 0 0 0 0 0 0 0 0 0 0 0 0 0 0 0 0 0 0 0 0 0 0 0 0 0 0 0 0 0 0 0 0 0 0 0 0 0 0 0 0 0 0 0 0 0 0 0 0 17 0 0 0 0 0 0 0 0 0 0 0 0 0 0 0 0 0 0 0 0 0 0 0 0 0 0 0 0 0 0 0 0 1 0 0 161 118 1 0 1 0 0 0 0 0 0 0 0 0 0 0 2 0 0 0 0 0 3 0 1 0 0 0 48 0 0 0 255 255 255 255 5 0 9 0 0 0 0 0 data 6 0x90005 0x1 0x0 0x0 0x0 0x0 oops 0
ciMethodData java/util/concurrent/locks/ReentrantLock$FairSync tryAcquire (I)Z 2 17704 orig 264 8 30 98 112 0 0 0 0 176 24 78 27 0 0 0 0 48 3 0 0 160 1 0 0 0 0 0 0 0 0 0 0 0 0 0 0 0 0 0 0 0 0 0 0 0 0 0 0 0 0 0 0 0 0 0 0 0 0 0 0 0 0 0 0 0 0 0 0 0 0 0 0 0 0 0 0 0 0 0 0 77 68 79 32 101 120 116 114 97 32 100 97 116 97 32 108 111 99 107 0 0 0 0 0 0 0 0 0 0 0 0 0 0 0 0 0 0 0 0 0 0 0 0 0 0 0 0 0 0 0 0 0 0 0 0 0 0 0 0 0 0 0 0 0 0 0 0 0 0 0 0 0 0 0 0 0 0 0 0 0 0 0 0 0 0 0 0 0 0 0 0 0 0 0 0 0 0 0 0 0 0 0 0 0 0 0 0 0 0 0 0 0 0 0 0 0 0 0 0 0 0 0 0 0 0 0 0 0 0 0 0 0 0 0 0 0 0 1 0 0 65 33 2 0 1 0 0 0 0 0 0 0 0 0 0 0 2 0 0 0 0 0 14 0 2 0 0 0 224 1 0 0 255 255 255 255 2 0 0 0 0 0 0 0 data 60 0x2 0x4429 0x50005 0x0 0x1f68d780 0x4429 0x0 0x0 0xa0007 0xd 0xf0 0x441c 0xe0005 0x0 0x1f68d780 0x441d 0x0 0x0 0x110007 0x1826 0x150 0x2bf5 0x170005 0x0 0x1f68d780 0x2bf5 0x0 0x0 0x1a0007 0x2 0x100 0x2bf4 0x1f0005 0x0 0x1f68d780 0x2bf4 0x0 0x0 0x260005 0x0 0x1f68d780 0xd 0x0 0x0 0x290007 0xd 0x80 0x0 0x330007 0x0 0x30 0x0 0x3c0002 0x0 0x430005 0x0 0x0 0x0 0x0 0x0 oops 5 4 java/util/concurrent/locks/ReentrantLock$FairSync 14 java/util/concurrent/locks/ReentrantLock$FairSync 24 java/util/concurrent/locks/ReentrantLock$FairSync 34 java/util/concurrent/locks/ReentrantLock$FairSync 40 java/util/concurrent/locks/ReentrantLock$FairSync
ciMethodData java/util/concurrent/locks/AbstractQueuedSynchronizer hasQueuedPredecessors ()Z 1 17690 orig 264 8 30 98 112 0 0 0 0 8 200 76 27 0 0 0 0 208 1 0 0 80 0 0 0 0 0 0 0 0 0 0 0 0 0 0 0 0 0 0 0 0 0 0 0 0 0 0 0 0 0 0 0 0 0 0 0 0 0 0 0 0 0 0 0 0 0 0 0 0 0 0 0 0 0 0 0 0 0 0 0 77 68 79 32 101 120 116 114 97 32 100 97 116 97 32 108 111 99 107 0 0 0 0 0 0 0 0 0 0 0 0 0 0 0 0 0 0 0 0 0 0 0 0 0 0 0 0 0 0 0 0 0 0 0 0 0 0 0 0 0 0 0 0 0 0 0 0 0 0 0 0 0 0 0 0 0 0 0 0 0 0 0 0 0 0 0 0 0 0 0 0 0 0 0 0 0 0 0 0 0 0 0 0 0 0 0 0 0 0 0 0 0 0 0 0 0 0 0 0 0 0 0 0 0 0 0 0 0 0 0 0 0 0 0 0 0 254 0 0 0 9 4 0 0 1 0 0 0 0 0 0 0 0 0 0 0 2 0 0 0 0 0 8 0 2 0 0 0 136 0 0 0 255 255 255 255 7 0 12 0 0 0 0 0 data 17 0xc0007 0xe 0x88 0x73 0x150007 0x0 0x50 0x73 0x1c0002 0x73 0x1f0007 0x48 0x38 0x2b 0x230003 0x2b 0x18 oops 0
ciMethodData java/util/concurrent/locks/ReentrantLock$Sync tryRelease (I)Z 2 20884 orig 264 8 30 98 112 0 0 0 0 48 148 76 27 0 0 0 0 112 2 0 0 192 0 0 0 0 0 0 0 0 0 0 0 0 0 0 0 0 0 0 0 0 0 0 0 0 0 0 0 0 0 0 0 0 0 0 0 0 0 0 0 0 0 0 0 0 0 0 0 0 0 0 0 0 0 0 0 0 0 0 0 77 68 79 32 101 120 116 114 97 32 100 97 116 97 32 108 111 99 107 0 0 0 0 0 0 0 0 0 0 0 0 0 0 0 0 0 0 0 0 0 0 0 0 0 0 0 0 0 0 0 0 0 0 0 0 0 0 0 0 0 0 0 0 0 0 0 0 0 0 0 0 0 0 0 0 0 0 0 0 0 0 0 0 0 0 0 0 0 0 0 0 0 0 0 0 0 0 0 0 0 0 0 0 0 0 0 0 0 0 0 0 0 0 0 0 0 0 0 0 0 0 0 0 0 0 0 0 0 0 0 0 0 0 0 0 0 128 1 0 0 161 128 2 0 1 0 0 0 0 0 0 0 0 0 0 0 2 0 0 0 0 0 8 0 2 0 0 0 32 1 0 0 255 255 255 255 5 0 1 0 0 0 0 0 data 36 0x10005 0x0 0x1f68d6d0 0x266e 0x1f68d780 0x29a8 0x70002 0x5016 0xb0005 0x0 0x1f68d6d0 0x266e 0x1f68d780 0x29a8 0xe0007 0x5015 0x30 0x0 0x150002 0x0 0x1c0007 0x0 0x50 0x5015 0x230005 0x0 0x1f68d6d0 0x266e 0x1f68d780 0x29a8 0x280005 0x0 0x1f68d6d0 0x266e 0x1f68d780 0x29a8 oops 8 2 java/util/concurrent/locks/ReentrantLock$NonfairSync 4 java/util/concurrent/locks/ReentrantLock$FairSync 10 java/util/concurrent/locks/ReentrantLock$NonfairSync 12 java/util/concurrent/locks/ReentrantLock$FairSync 26 java/util/concurrent/locks/ReentrantLock$NonfairSync 28 java/util/concurrent/locks/ReentrantLock$FairSync 32 java/util/concurrent/locks/ReentrantLock$NonfairSync 34 java/util/concurrent/locks/ReentrantLock$FairSync
ciMethodData java/util/concurrent/ThreadPoolExecutor workerCountOf (I)I 2 25747 orig 264 8 30 98 112 0 0 0 0 232 138 75 27 0 0 0 0 32 1 0 0 0 0 0 0 0 0 0 0 0 0 0 0 0 0 0 0 0 0 0 0 0 0 0 0 0 0 0 0 0 0 0 0 0 0 0 0 0 0 0 0 0 0 0 0 0 0 0 0 0 0 0 0 0 0 0 0 0 0 0 0 77 68 79 32 101 120 116 114 97 32 100 97 116 97 32 108 111 99 107 0 0 0 0 0 0 0 0 0 0 0 0 0 0 0 0 0 0 0 0 0 0 0 0 0 0 0 0 0 0 0 0 0 0 0 0 0 0 0 0 0 0 0 0 0 0 0 0 0 0 0 0 0 0 0 0 0 0 0 0 0 0 0 0 0 0 0 0 0 0 0 0 0 0 0 0 0 0 0 0 0 0 0 0 0 0 0 0 0 0 0 0 0 0 0 0 0 0 0 0 0 0 0 0 0 0 0 0 0 0 0 0 0 0 0 0 0 0 2 0 0 153 20 3 0 1 0 0 0 0 0 0 0 0 0 0 0 2 0 0 0 0 0 3 0 1 0 0 0 0 0 0 0 255 255 255 255 0 0 0 0 0 0 0 0 data 0 oops 0
ciMethodData java/util/concurrent/locks/AbstractQueuedSynchronizer$Node predecessor ()Ljava/util/concurrent/locks/AbstractQueuedSynchronizer$Node; 2 9354 orig 264 8 30 98 112 0 0 0 0 104 235 76 27 0 0 0 0 80 1 0 0 0 0 0 0 0 0 0 0 0 0 0 0 0 0 0 0 0 0 0 0 0 0 0 0 0 0 0 0 0 0 0 0 0 0 0 0 0 0 0 0 0 0 0 0 0 0 0 0 0 0 0 0 0 0 0 0 0 0 0 0 77 68 79 32 101 120 116 114 97 32 100 97 116 97 32 108 111 99 107 0 0 0 0 0 0 0 0 0 0 0 0 0 0 0 0 0 0 0 0 0 0 0 0 0 0 0 0 0 0 0 0 0 0 0 0 0 0 0 0 0 0 0 0 0 0 0 0 0 0 0 0 0 0 0 0 0 0 0 0 0 0 0 0 0 0 0 0 0 0 0 0 0 0 0 0 0 0 0 0 0 0 0 0 0 0 0 0 0 0 0 0 0 0 0 0 0 0 0 0 0 0 0 0 0 0 0 0 0 0 0 0 0 0 0 0 0 0 1 0 0 81 28 1 0 1 0 0 0 0 0 0 0 0 0 0 0 2 0 0 0 0 0 5 0 2 0 0 0 48 0 0 0 255 255 255 255 7 0 6 0 0 0 0 0 data 6 0x60007 0x238a 0x30 0x0 0xd0002 0x0 oops 0
ciMethodData java/util/concurrent/locks/LockSupport setBlocker (Ljava/lang/Thread;Ljava/lang/Object;)V 2 9693 orig 264 8 30 98 112 0 0 0 0 16 2 84 27 0 0 0 0 128 1 0 0 0 0 0 0 0 0 0 0 0 0 0 0 0 0 0 0 0 0 0 0 0 0 0 0 0 0 0 0 0 0 0 0 0 0 0 0 0 0 0 0 0 0 0 0 0 0 0 0 0 0 0 0 0 0 0 0 0 0 0 0 77 68 79 32 101 120 116 114 97 32 100 97 116 97 32 108 111 99 107 0 0 0 0 0 0 0 0 0 0 0 0 0 0 0 0 0 0 0 0 0 0 0 0 0 0 0 0 0 0 0 0 0 0 0 0 0 0 0 0 0 0 0 0 0 0 0 0 0 0 0 0 0 0 0 0 0 0 0 0 0 0 0 0 0 0 0 0 0 0 0 0 0 0 0 0 0 0 0 0 0 0 0 0 0 0 0 0 0 0 0 0 0 0 0 0 0 0 0 0 0 0 0 0 0 0 0 0 0 0 0 0 0 0 0 0 0 0 1 0 0 233 38 1 0 1 0 0 0 0 0 0 0 0 0 0 0 2 0 0 0 0 0 3 0 1 0 0 0 48 0 0 0 255 255 255 255 5 0 8 0 0 0 0 0 data 6 0x80005 0x0 0x0 0x0 0x0 0x0 oops 0
ciMethodData java/util/concurrent/locks/AbstractQueuedSynchronizer acquire (I)V 2 10570 orig 264 8 30 98 112 0 0 0 0 224 189 76 27 0 0 0 0 16 2 0 0 96 0 0 0 0 0 0 0 0 0 0 0 0 0 0 0 0 0 0 0 0 0 0 0 0 0 0 0 0 0 0 0 0 0 0 0 0 0 0 0 0 0 0 0 0 0 0 0 0 0 0 0 0 0 0 0 0 0 0 0 77 68 79 32 101 120 116 114 97 32 100 97 116 97 32 108 111 99 107 0 0 0 0 0 0 0 0 0 0 0 0 0 0 0 0 0 0 0 0 0 0 0 0 0 0 0 0 0 0 0 0 0 0 0 0 0 0 0 0 0 0 0 0 0 0 0 0 0 0 0 0 0 0 0 0 0 0 0 0 0 0 0 0 0 0 0 0 0 0 0 0 0 0 0 0 0 0 0 0 0 0 0 0 0 0 0 0 0 0 0 0 0 0 0 0 0 0 0 0 0 0 0 0 0 0 0 0 0 0 0 0 0 0 0 0 0 0 1 0 0 81 66 1 0 1 0 0 0 83 31 0 0 0 0 0 0 2 0 0 0 0 0 8 0 2 0 0 0 192 0 0 0 255 255 255 255 5 0 2 0 0 0 0 0 data 24 0x20005 0x0 0x1f68d780 0x13bd 0x1e8dc0b0 0x148c 0x50007 0x2000 0x90 0x848 0xd0002 0x848 0x110005 0x0 0x1f68d780 0x848 0x0 0x0 0x140007 0x849 0x30 0x0 0x170002 0x0 oops 3 2 java/util/concurrent/locks/ReentrantLock$FairSync 4 java/util/concurrent/ThreadPoolExecutor$Worker 14 java/util/concurrent/locks/ReentrantLock$FairSync
ciMethodData java/util/concurrent/locks/AbstractQueuedSynchronizer addWaiter (Ljava/util/concurrent/locks/AbstractQueuedSynchronizer$Node;)Ljava/util/concurrent/locks/AbstractQueuedSynchronizer$Node; 2 11220 orig 264 8 30 98 112 0 0 0 0 56 172 76 27 0 0 0 0 208 1 0 0 80 0 0 0 0 0 0 0 0 0 0 0 0 0 0 0 0 0 0 0 0 0 0 0 0 0 0 0 0 0 0 0 0 0 0 0 0 0 0 0 0 0 0 0 0 0 0 0 0 0 0 0 0 0 0 0 0 0 0 0 77 68 79 32 101 120 116 114 97 32 100 97 116 97 32 108 111 99 107 0 0 0 0 0 0 0 0 0 0 0 0 0 0 0 0 0 0 0 0 0 0 0 0 0 0 0 0 0 0 0 0 0 0 0 0 0 0 0 0 0 0 0 0 0 0 0 0 0 0 0 0 0 0 0 0 0 0 0 0 0 0 0 0 0 0 0 0 0 0 0 0 0 0 0 0 0 0 0 0 0 0 0 0 0 29 0 0 0 0 0 0 0 0 0 0 0 0 0 0 0 0 0 0 0 0 0 0 0 0 0 0 0 0 0 0 0 71 0 0 0 153 158 0 0 1 0 0 0 0 0 0 0 0 0 0 0 2 0 0 0 0 0 8 0 2 0 0 0 128 0 0 0 255 255 255 255 2 0 4 0 0 0 0 0 data 16 0x40002 0x13d5 0x80002 0x13d5 0x120007 0x0 0x50 0x13d6 0x1d0002 0x13d6 0x200007 0x2 0x20 0x13d4 0x2c0002 0x2 oops 0
ciMethodData java/util/concurrent/locks/AbstractQueuedSynchronizer acquireQueued (Ljava/util/concurrent/locks/AbstractQueuedSynchronizer$Node;I)Z 2 11522 orig 264 8 30 98 112 0 0 0 0 224 179 76 27 0 0 0 0 224 2 0 0 128 0 0 0 0 0 0 0 0 0 0 0 0 0 0 0 0 0 0 0 0 0 0 0 0 0 0 0 0 0 0 0 0 0 0 0 0 0 0 0 0 0 0 0 0 0 0 0 0 0 0 0 0 0 0 0 0 0 0 0 77 68 79 32 101 120 116 114 97 32 100 97 116 97 32 108 111 99 107 0 0 0 0 0 0 0 0 0 0 0 0 0 0 0 0 0 0 0 0 0 0 0 0 0 0 0 0 0 0 0 0 0 0 0 0 0 0 0 0 0 0 0 0 0 0 0 0 0 0 0 0 0 0 0 0 0 0 0 0 0 0 0 0 0 0 0 0 0 0 0 0 0 0 0 0 0 0 0 0 1 0 0 0 0 0 0 0 0 0 0 0 0 0 0 0 0 0 0 0 0 0 0 0 0 0 0 0 0 0 0 0 0 0 0 0 0 86 0 0 0 17 104 0 0 129 103 0 0 33 10 0 0 47 7 0 0 2 0 0 0 1 0 24 0 2 0 0 0 136 1 0 0 255 255 255 255 5 0 6 0 0 0 0 0 data 49 0x60005 0xf4 0x1e5f81f0 0x18fd 0x0 0x0 0x110007 0xcee 0xb0 0xd03 0x160005 0x0 0x1f68d6d0 0x142 0x1f68d780 0xbc1 0x19e007 0x1 0x60 0xd03 0x1e0002 0xd03 0x2e0007 0xd03 0x30 0x0 0x330002 0x0 0x3c0002 0xcef 0x3f0007 0x678 0x50 0x677 0x430002 0x677 0x460007 0x677 0x20 0x0 0x4c0003 0xcef 0xfffffffffffffec0 0x520007 0x0 0x30 0x0 0x570002 0x0 oops 3 2 java/util/concurrent/locks/AbstractQueuedSynchronizer$Node 12 java/util/concurrent/locks/ReentrantLock$NonfairSync 14 java/util/concurrent/locks/ReentrantLock$FairSync
ciMethodData java/util/concurrent/ThreadPoolExecutor isRunning (I)Z 2 20361 orig 264 8 30 98 112 0 0 0 0 72 141 75 27 0 0 0 0 88 1 0 0 0 0 0 0 0 0 0 0 0 0 0 0 0 0 0 0 0 0 0 0 0 0 0 0 0 0 0 0 0 0 0 0 0 0 0 0 0 0 0 0 0 0 0 0 0 0 0 0 0 0 0 0 0 0 0 0 0 0 0 0 77 68 79 32 101 120 116 114 97 32 100 97 116 97 32 108 111 99 107 0 0 0 0 0 0 0 0 0 0 0 0 0 0 0 0 0 0 0 0 0 0 0 0 0 0 0 0 0 0 0 0 0 0 0 0 0 0 0 0 0 0 0 0 0 0 0 0 0 0 0 0 0 0 0 0 0 0 0 0 0 0 0 0 0 0 0 0 0 0 0 0 0 0 0 0 0 0 0 0 0 0 0 0 0 0 0 0 0 0 0 0 0 0 0 0 0 0 0 0 0 0 0 0 0 0 0 0 0 0 0 0 0 0 0 0 0 128 1 0 0 1 101 2 0 1 0 0 0 0 0 0 0 0 0 0 0 2 0 0 0 0 0 3 0 2 0 0 0 56 0 0 0 255 255 255 255 7 0 1 0 0 0 0 0 data 7 0x10007 0x0 0x38 0x4ca0 0x50003 0x4ca0 0x18 oops 0
ciMethodData java/util/concurrent/locks/ReentrantLock unlock ()V 2 17074 orig 264 8 30 98 112 0 0 0 0 32 5 64 27 0 0 0 0 120 1 0 0 0 0 0 0 0 0 0 0 0 0 0 0 0 0 0 0 0 0 0 0 0 0 0 0 0 0 0 0 0 0 0 0 0 0 0 0 0 0 0 0 0 0 0 0 0 0 0 0 0 0 0 0 0 0 0 0 0 0 0 0 77 68 79 32 101 120 116 114 97 32 100 97 116 97 32 108 111 99 107 0 0 0 0 0 0 0 0 0 0 0 0 0 0 0 0 0 0 0 0 0 0 0 0 0 0 0 0 0 0 0 0 0 0 0 0 0 0 0 0 0 0 0 0 0 0 0 0 0 0 0 0 0 0 0 0 0 0 0 0 0 0 0 0 0 0 0 0 0 0 0 0 0 0 0 0 0 0 0 0 0 0 0 0 0 17 0 0 0 0 0 0 0 0 0 0 0 0 0 0 0 1 0 0 0 0 0 0 0 0 0 0 0 0 0 0 0 128 1 0 0 233 243 1 0 1 0 0 0 0 0 0 0 0 0 0 0 2 0 0 0 0 0 11 0 2 0 0 0 48 0 0 0 255 255 255 255 5 0 5 0 0 0 0 0 data 6 0x50005 0x0 0x1f68d6d0 0x2222 0x1f68d780 0x1c5c oops 2 2 java/util/concurrent/locks/ReentrantLock$NonfairSync 4 java/util/concurrent/locks/ReentrantLock$FairSync
ciMethodData java/util/concurrent/locks/AbstractQueuedSynchronizer$ConditionObject signal ()V 2 17448 orig 264 8 30 98 112 0 0 0 0 144 1 77 27 0 0 0 0 216 1 0 0 80 0 0 0 0 0 0 0 0 0 0 0 0 0 0 0 0 0 0 0 0 0 0 0 0 0 0 0 0 0 0 0 0 0 0 0 0 0 0 0 0 0 0 0 0 0 0 0 0 0 0 0 0 0 0 0 0 0 0 0 77 68 79 32 101 120 116 114 97 32 100 97 116 97 32 108 111 99 107 0 0 0 0 0 0 0 0 0 0 0 0 0 0 0 0 0 0 0 0 0 0 0 0 0 0 0 0 0 0 0 0 0 0 0 0 0 0 0 0 0 0 0 0 0 0 0 0 0 0 0 0 0 0 0 0 0 0 0 0 0 0 0 0 0 0 0 0 0 0 0 0 0 0 0 0 0 0 0 0 0 0 0 0 0 0 0 0 0 0 0 0 0 0 0 0 0 0 0 0 0 0 0 0 0 0 0 0 0 0 0 0 0 0 0 0 0 128 1 0 0 41 160 1 0 1 0 0 0 0 0 0 0 0 0 0 0 2 0 0 0 0 0 8 0 2 0 0 0 144 0 0 0 255 255 255 255 5 0 4 0 0 0 0 0 data 18 0x40005 0x0 0x1f68d6d0 0x1b41 0x1f68d780 0x18c4 0x70007 0x3404 0x30 0x0 0xe0002 0x0 0x180007 0x29cf 0x30 0xa35 0x1d0002 0xa35 oops 2 2 java/util/concurrent/locks/ReentrantLock$NonfairSync 4 java/util/concurrent/locks/ReentrantLock$FairSync
ciMethodData java/util/concurrent/locks/AbstractQueuedSynchronizer$ConditionObject doSignal (Ljava/util/concurrent/locks/AbstractQueuedSynchronizer$Node;)V 2 7915 orig 264 8 30 98 112 0 0 0 0 64 255 76 27 0 0 0 0 224 1 0 0 0 0 0 0 0 0 0 0 0 0 0 0 0 0 0 0 0 0 0 0 0 0 0 0 0 0 0 0 0 0 0 0 0 0 0 0 0 0 0 0 0 0 0 0 0 0 0 0 0 0 0 0 0 0 0 0 0 0 0 0 77 68 79 32 101 120 116 114 97 32 100 97 116 97 32 108 111 99 107 0 0 0 0 0 0 0 0 0 0 0 0 0 0 0 0 0 0 0 0 0 0 0 0 0 0 0 0 0 0 0 0 0 0 0 0 0 0 0 0 0 0 0 0 0 0 0 0 0 0 0 0 0 0 0 0 0 0 0 0 0 0 0 0 0 0 0 0 0 0 0 0 0 0 0 0 0 0 0 0 0 0 0 0 0 0 0 0 0 0 0 0 0 0 0 0 0 0 0 0 0 0 0 0 0 0 0 0 0 0 0 0 0 0 0 0 0 72 0 0 0 89 119 0 0 1 0 0 0 0 0 0 0 0 0 0 0 2 0 0 0 1 0 11 0 2 0 0 0 144 0 0 0 255 255 255 255 7 0 9 0 0 0 0 0 data 18 0x90007 0x903 0x20 0x5e8 0x1b0005 0x102 0x1f68d780 0xab8 0x1f68d6d0 0x331 0x1e0007 0xeeb 0x40 0x0 0x270007 0x0 0xffffffffffffff90 0x0 oops 2 6 java/util/concurrent/locks/ReentrantLock$FairSync 8 java/util/concurrent/locks/ReentrantLock$NonfairSync
ciMethodData java/util/concurrent/locks/ReentrantLock$Sync isHeldExclusively ()Z 2 21521 orig 264 8 30 98 112 0 0 0 0 208 148 76 27 0 0 0 0 192 1 0 0 0 0 0 0 0 0 0 0 0 0 0 0 0 0 0 0 0 0 0 0 0 0 0 0 0 0 0 0 0 0 0 0 0 0 0 0 0 0 0 0 0 0 0 0 0 0 0 0 0 0 0 0 0 0 0 0 0 0 0 0 77 68 79 32 101 120 116 114 97 32 100 97 116 97 32 108 111 99 107 0 0 0 0 0 0 0 0 0 0 0 0 0 0 0 0 0 0 0 0 0 0 0 0 0 0 0 0 0 0 0 0 0 0 0 0 0 0 0 0 0 0 0 0 0 0 0 0 0 0 0 0 0 0 0 0 0 0 0 0 0 0 0 0 0 0 0 0 0 0 0 0 0 0 0 0 0 0 0 0 0 0 0 0 0 0 0 0 0 0 0 0 0 0 0 0 0 0 0 0 0 0 0 0 0 0 0 0 0 0 0 0 0 0 0 0 0 128 1 0 0 1 160 0 0 1 0 0 0 0 0 0 0 0 0 0 0 2 0 0 0 0 0 6 0 2 0 0 0 120 0 0 0 255 255 255 255 5 0 1 0 0 0 0 0 data 15 0x10005 0x0 0x1f68d780 0x983 0x1f68d6d0 0xa7d 0x40002 0x1400 0x70007 0x0 0x38 0x1400 0xb0003 0x1400 0x18 oops 2 2 java/util/concurrent/locks/ReentrantLock$FairSync 4 java/util/concurrent/locks/ReentrantLock$NonfairSync
ciMethodData java/util/concurrent/locks/ReentrantLock lock ()V 2 11429 orig 264 8 30 98 112 0 0 0 0 176 2 64 27 0 0 0 0 120 1 0 0 0 0 0 0 0 0 0 0 0 0 0 0 0 0 0 0 0 0 0 0 0 0 0 0 0 0 0 0 0 0 0 0 0 0 0 0 0 0 0 0 0 0 0 0 0 0 0 0 0 0 0 0 0 0 0 0 0 0 0 0 77 68 79 32 101 120 116 114 97 32 100 97 116 97 32 108 111 99 107 0 0 0 0 0 0 0 0 0 0 0 0 0 0 0 0 0 0 0 0 0 0 0 0 0 0 0 0 0 0 0 0 0 0 0 0 0 0 0 0 0 0 0 0 0 0 0 0 0 0 0 0 0 0 0 0 0 0 0 0 0 0 0 0 0 0 0 0 0 0 0 0 0 0 0 0 0 0 0 0 0 0 0 0 0 0 0 0 0 0 0 0 0 0 0 0 0 0 0 0 0 0 0 0 0 0 0 0 0 0 0 0 0 0 0 0 0 1 1 0 0 145 83 1 0 1 0 0 0 163 22 0 0 0 0 0 0 2 0 0 0 0 0 3 0 2 0 0 0 48 0 0 0 255 255 255 255 5 0 4 0 0 0 0 0 data 6 0x40005 0x0 0x1f68d6d0 0x175d 0x1f68d780 0x1315 oops 2 2 java/util/concurrent/locks/ReentrantLock$NonfairSync 4 java/util/concurrent/locks/ReentrantLock$FairSync
ciMethodData java/util/concurrent/ThreadPoolExecutor runStateOf (I)I 2 6154 orig 264 8 30 98 112 0 0 0 0 80 138 75 27 0 0 0 0 32 1 0 0 0 0 0 0 0 0 0 0 0 0 0 0 0 0 0 0 0 0 0 0 0 0 0 0 0 0 0 0 0 0 0 0 0 0 0 0 0 0 0 0 0 0 0 0 0 0 0 0 0 0 0 0 0 0 0 0 0 0 0 0 77 68 79 32 101 120 116 114 97 32 100 97 116 97 32 108 111 99 107 0 0 0 0 0 0 0 0 0 0 0 0 0 0 0 0 0 0 0 0 0 0 0 0 0 0 0 0 0 0 0 0 0 0 0 0 0 0 0 0 0 0 0 0 0 0 0 0 0 0 0 0 0 0 0 0 0 0 0 0 0 0 0 0 0 0 0 0 0 0 0 0 0 0 0 0 0 0 0 0 0 0 0 0 0 0 0 0 0 0 0 0 0 0 0 0 0 0 0 0 0 0 0 0 0 0 0 0 0 0 0 0 0 0 0 0 0 0 1 0 0 137 175 0 0 1 0 0 0 0 0 0 0 0 0 0 0 2 0 0 0 0 0 3 0 1 0 0 0 0 0 0 0 255 255 255 255 0 0 0 0 0 0 0 0 data 0 oops 0
ciMethodData java/util/TreeMap$Values size ()I 2 13319 orig 264 8 30 98 112 0 0 0 0 104 187 83 27 0 0 0 0 120 1 0 0 0 0 0 0 0 0 0 0 0 0 0 0 0 0 0 0 0 0 0 0 0 0 0 0 0 0 0 0 0 0 0 0 0 0 0 0 0 0 0 0 0 0 0 0 0 0 0 0 0 0 0 0 0 0 0 0 0 0 0 0 77 68 79 32 101 120 116 114 97 32 100 97 116 97 32 108 111 99 107 0 0 0 0 0 0 0 0 0 0 0 0 0 0 0 0 0 0 0 0 0 0 0 0 0 0 0 0 0 0 0 0 0 0 0 0 0 0 0 0 0 0 0 0 0 0 0 0 0 0 0 0 0 0 0 0 0 0 0 0 0 0 0 0 0 0 0 0 0 0 0 0 0 0 0 0 0 0 0 0 0 0 0 0 0 0 0 0 0 0 0 0 0 0 0 0 0 0 0 0 0 0 0 0 0 0 0 0 0 0 0 0 0 0 0 0 0 0 1 0 0 25 160 0 0 1 0 0 0 0 0 0 0 0 0 0 0 2 0 0 0 0 0 3 0 2 0 0 0 48 0 0 0 255 255 255 255 5 0 4 0 0 0 0 0 data 6 0x40005 0x0 0x1ed62130 0x1403 0x0 0x0 oops 1 2 java/util/TreeMap
ciMethodData java/util/concurrent/locks/AbstractQueuedSynchronizer shouldParkAfterFailedAcquire (Ljava/util/concurrent/locks/AbstractQueuedSynchronizer$Node;Ljava/util/concurrent/locks/AbstractQueuedSynchronizer$Node;)Z 2 17411 orig 264 8 30 98 112 0 0 0 0 160 177 76 27 0 0 0 0 216 1 0 0 32 0 0 0 0 0 0 0 0 0 0 0 0 0 0 0 0 0 0 0 0 0 0 0 0 0 0 0 0 0 0 0 0 0 0 0 0 0 0 0 0 0 0 0 0 0 0 0 0 0 0 0 0 0 0 0 0 0 0 0 77 68 79 32 101 120 116 114 97 32 100 97 116 97 32 108 111 99 107 0 0 0 0 0 0 0 0 0 0 0 0 0 0 0 0 0 0 0 0 0 0 0 0 0 0 0 0 0 0 0 0 0 0 0 0 0 0 0 0 0 0 0 0 0 0 0 0 0 0 0 0 0 0 0 0 0 0 0 0 0 0 0 0 0 0 0 0 0 0 0 0 0 0 0 0 0 0 0 0 0 0 0 0 0 17 0 0 0 0 0 0 0 0 0 0 0 0 0 0 0 0 0 0 0 0 0 0 0 0 0 0 0 0 0 0 0 0 1 0 0 25 160 0 0 1 0 0 0 0 0 0 0 0 0 0 0 2 0 0 0 1 0 11 0 2 0 0 0 136 0 0 0 255 255 255 255 7 0 7 0 0 0 0 0 data 17 0x70007 0xa02 0x20 0xa02 0xd0007 0xa02 0x58 0x0 0x1e0007 0x0 0x0 0x0 0x260003 0x0 0x28 0x2c0002 0xa02 oops 0
ciMethodData java/util/concurrent/AbstractExecutorService submit (Ljava/util/concurrent/Callable;)Ljava/util/concurrent/Future; 2 17970 orig 264 8 30 98 112 0 0 0 0 48 202 75 27 0 0 0 0 224 1 0 0 32 0 0 0 0 0 0 0 0 0 0 0 0 0 0 0 0 0 0 0 0 0 0 0 0 0 0 0 0 0 0 0 0 0 0 0 0 0 0 0 0 0 0 0 0 0 0 0 0 0 0 0 0 0 0 0 0 0 0 0 77 68 79 32 101 120 116 114 97 32 100 97 116 97 32 108 111 99 107 0 0 0 0 0 0 0 0 0 0 0 0 0 0 0 0 0 0 0 0 0 0 0 0 0 0 0 0 0 0 0 0 0 0 0 0 0 0 0 0 0 0 0 0 0 1 0 0 0 0 0 0 0 0 0 0 0 0 0 0 0 0 0 0 0 0 0 0 0 0 0 0 0 0 0 0 0 0 0 0 0 0 0 0 0 0 0 0 0 0 0 0 0 0 0 0 0 0 0 0 0 0 0 0 0 0 0 0 0 0 0 0 0 0 0 0 0 0 1 0 0 121 49 1 0 1 0 0 0 65 20 0 0 0 0 0 0 2 0 0 0 0 0 9 0 2 0 0 0 144 0 0 0 255 255 255 255 7 0 1 0 0 0 0 0 data 18 0x10007 0x262f 0x30 0x0 0x80002 0x0 0xe0005 0x0 0x1f39c3d0 0x262f 0x0 0x0 0x140005 0x0 0x1f39c3d0 0x262f 0x0 0x0 oops 2 8 java/util/concurrent/ThreadPoolExecutor 14 java/util/concurrent/ThreadPoolExecutor
ciMethodData java/util/concurrent/AbstractExecutorService newTaskFor (Ljava/util/concurrent/Callable;)Ljava/util/concurrent/RunnableFuture; 2 10031 orig 264 8 30 98 112 0 0 0 0 32 200 75 27 0 0 0 0 56 1 0 0 0 0 0 0 0 0 0 0 0 0 0 0 0 0 0 0 0 0 0 0 0 0 0 0 0 0 0 0 0 0 0 0 0 0 0 0 0 0 0 0 0 0 0 0 0 0 0 0 0 0 0 0 0 0 0 0 0 0 0 0 77 68 79 32 101 120 116 114 97 32 100 97 116 97 32 108 111 99 107 0 0 0 0 0 0 0 0 0 0 0 0 0 0 0 0 0 0 0 0 0 0 0 0 0 0 0 0 0 0 0 0 0 0 0 0 0 0 0 0 0 0 0 0 0 0 0 0 0 0 0 0 0 0 0 0 0 0 0 0 0 0 0 0 0 0 0 0 0 0 0 0 0 0 0 0 0 0 0 0 0 0 0 0 0 0 0 0 0 0 0 0 0 0 0 0 0 0 0 0 0 0 0 0 0 0 0 0 0 0 0 0 0 0 0 0 0 255 0 0 0 129 49 1 0 1 0 0 0 0 0 0 0 0 0 0 0 2 0 0 0 0 0 0 0 0 0 0 0 16 0 0 0 255 255 255 255 2 0 5 0 0 0 0 0 data 2 0x50002 0x2630 oops 0
ciMethodData java/util/concurrent/FutureTask <init> (Ljava/util/concurrent/Callable;)V 2 10031 orig 264 8 30 98 112 0 0 0 0 80 210 83 27 0 0 0 0 104 1 0 0 0 0 0 0 0 0 0 0 0 0 0 0 0 0 0 0 0 0 0 0 0 0 0 0 0 0 0 0 0 0 0 0 0 0 0 0 0 0 0 0 0 0 0 0 0 0 0 0 0 0 0 0 0 0 0 0 0 0 0 0 77 68 79 32 101 120 116 114 97 32 100 97 116 97 32 108 111 99 107 0 0 0 0 0 0 0 0 0 0 0 0 0 0 0 0 0 0 0 0 0 0 0 0 0 0 0 0 0 0 0 0 0 0 0 0 0 0 0 0 0 0 0 0 0 0 0 0 0 0 0 0 0 0 0 0 0 0 0 0 0 0 0 0 0 0 0 0 0 0 0 0 0 0 0 0 0 0 0 0 0 0 0 0 0 0 0 0 0 0 0 0 0 0 0 0 0 0 0 0 0 0 0 0 0 0 0 0 0 0 0 0 0 0 0 0 0 255 0 0 0 129 49 1 0 1 0 0 0 0 0 0 0 0 0 0 0 2 0 0 0 0 0 5 0 2 0 0 0 64 0 0 0 255 255 255 255 2 0 1 0 0 0 0 0 data 8 0x10002 0x2630 0x50007 0x2630 0x30 0x0 0xc0002 0x0 oops 0
ciMethodData java/util/concurrent/ThreadPoolExecutor execute (Ljava/lang/Runnable;)V 2 17970 orig 264 8 30 98 112 0 0 0 0 184 163 75 27 0 0 0 0 112 4 0 0 32 1 0 0 0 0 0 0 0 0 0 0 0 0 0 0 0 0 0 0 0 0 0 0 0 0 0 0 0 0 0 0 0 0 0 0 0 0 0 0 0 0 0 0 0 0 0 0 0 0 0 0 0 0 0 0 0 0 0 0 77 68 79 32 101 120 116 114 97 32 100 97 116 97 32 108 111 99 107 0 0 0 0 0 0 0 0 0 0 0 0 0 0 0 0 0 0 0 0 0 0 0 0 0 0 0 0 0 0 0 0 0 0 0 0 0 0 0 0 0 0 0 0 0 0 0 0 0 0 0 0 0 0 0 0 0 0 0 0 0 0 0 0 0 0 0 0 0 0 0 0 0 0 0 0 0 0 0 0 0 0 0 0 0 0 0 0 0 0 0 0 0 0 0 0 0 0 0 0 0 0 0 0 0 0 0 0 0 0 0 0 0 0 0 0 0 0 1 0 0 121 49 1 0 1 0 0 0 65 20 0 0 0 0 0 0 2 0 0 0 0 0 34 0 2 0 0 0 32 3 0 0 255 255 255 255 7 0 1 0 0 0 0 0 data 100 0x10007 0x262f 0x30 0x0 0x80002 0x0 0x100005 0x0 0x1f3b1cf0 0x262f 0x0 0x0 0x150002 0x262f 0x1c0007 0x262e 0x80 0x1 0x220002 0x1 0x250007 0x0 0x20 0x1 0x2d0005 0x0 0x0 0x0 0x0 0x0 0x320002 0x262e 0x350007 0x0 0x1c0 0x262e 0x3d0005 0x0 0x1e665590 0x1317 0x1e665640 0x1317 0x420007 0x1b8 0x170 0x2477 0x490005 0x1 0x1f3b1cf0 0x2476 0x0 0x0 0x4e0002 0x2477 0x510007 0x2477 0xb8 0x0 0x560005 0x0 0x0 0x0 0x0 0x0 0x590007 0x0 0x68 0x0 0x5e0005 0x0 0x0 0x0 0x0 0x0 0x610003 0x0 0x58 0x650002 0x2477 0x680007 0x2477 0x30 0x0 0x6e0002 0x0 0x720003 0x2477 0x78 0x780002 0x1b8 0x7b0007 0x0 0x50 0x1b8 0x800005 0x0 0x1f39c3d0 0x1b8 0x0 0x0 oops 5 8 java/util/concurrent/atomic/AtomicInteger 38 java/util/concurrent/LinkedBlockingQueue 40 java/util/concurrent/ArrayBlockingQueue 48 java/util/concurrent/atomic/AtomicInteger 96 java/util/concurrent/ThreadPoolExecutor
ciMethodData java/util/concurrent/ThreadPoolExecutor addWorker (Ljava/lang/Runnable;Z)Z 1 676 orig 264 8 30 98 112 0 0 0 0 248 153 75 27 0 0 0 0 200 6 0 0 200 4 0 0 0 0 0 0 0 0 0 0 0 0 0 0 0 0 0 0 0 0 0 0 0 0 0 0 0 0 0 0 0 0 0 0 0 0 0 0 0 0 0 0 0 0 0 0 0 0 0 0 0 0 0 0 0 0 0 0 77 68 79 32 101 120 116 114 97 32 100 97 116 97 32 108 111 99 107 0 0 0 0 0 0 0 0 0 0 0 0 0 0 0 0 0 0 0 0 0 0 0 0 0 0 0 0 0 0 0 0 0 0 0 0 0 0 0 0 0 0 0 0 0 0 0 0 0 0 0 0 0 0 0 0 0 0 0 0 0 0 0 0 0 0 0 0 0 0 0 0 0 0 0 0 0 0 0 0 0 0 0 0 0 0 0 0 0 0 0 0 0 0 0 0 0 0 0 0 0 0 0 0 0 0 0 0 0 0 0 0 0 0 0 0 0 19 0 0 0 137 20 0 0 1 0 0 0 0 0 0 0 0 0 0 0 2 0 0 0 2 0 64 0 2 0 0 0 112 5 0 0 255 255 255 255 5 0 4 0 0 0 0 0 data 174 0x40005 0x101 0x1f3b1cf0 0x190 0x0 0x0 0x90002 0x291 0x100007 0x291 0xb0 0x0 0x150007 0x0 0x90 0x0 0x190007 0x0 0x70 0x0 0x200005 0x0 0x0 0x0 0x0 0x0 0x250007 0x0 0x20 0x0 0x2b0002 0x291 0x340007 0x0 0x78 0x291 0x3a0007 0x290 0x38 0x1 0x410003 0x1 0x18 0x480007 0x1 0x20 0x290 0x4f0002 0x1 0x520007 0x0 0x38 0x1 0x550003 0x1 0xa8 0x5c0005 0x0 0x0 0x0 0x0 0x0 0x610002 0x0 0x660007 0x0 0x38 0x0 0x690003 0x0 0xfffffffffffffde0 0x6c0003 0x0 0xfffffffffffffeb8 0x7d0002 0x1 0x8b0007 0x0 0x298 0x1 0x960005 0x0 0x1e8dd4f0 0x1 0x0 0x0 0x9d0005 0x0 0x1f3b1cf0 0x1 0x0 0x0 0xa00002 0x1 0xa70007 0x1 0x60 0x0 0xac0007 0x0 0x120 0x0 0xb00007 0x0 0x100 0x0 0xb50005 0x0 0x1bb15b90 0x1 0x0 0x0 0xb80007 0x1 0x30 0x0 0xbf0002 0x0 0xc90005 0x0 0x1e8de930 0x1 0x0 0x0 0xd10005 0x0 0x1e8de930 0x1 0x0 0x0 0xdc0007 0x0 0x20 0x1 0xea0005 0x0 0x1e8dd4f0 0x1 0x0 0x0 0xed0003 0x1 0x48 0xf40005 0x0 0x0 0x0 0x0 0x0 0xfc0007 0x0 0x50 0x1 0x1010005 0x0 0x1bb15b90 0x1 0x0 0x0 0x1070007 0x1 0x78 0x0 0x10d0002 0x0 0x1100003 0x0 0x48 0x1160007 0x0 0x30 0x0 0x11c0002 0x0 oops 8 2 java/util/concurrent/atomic/AtomicInteger 82 java/util/concurrent/locks/ReentrantLock 88 java/util/concurrent/atomic/AtomicInteger 108 java/lang/Thread 120 java/util/HashSet 126 java/util/HashSet 136 java/util/concurrent/locks/ReentrantLock 155 java/lang/Thread
ciMethodData java/util/concurrent/ThreadPoolExecutor reject (Ljava/lang/Runnable;)V 1 556 orig 264 8 30 98 112 0 0 0 0 192 149 75 27 0 0 0 0 128 1 0 0 0 0 0 0 0 0 0 0 0 0 0 0 0 0 0 0 0 0 0 0 0 0 0 0 0 0 0 0 0 0 0 0 0 0 0 0 0 0 0 0 0 0 0 0 0 0 0 0 0 0 0 0 0 0 0 0 0 0 0 0 77 68 79 32 101 120 116 114 97 32 100 97 116 97 32 108 111 99 107 0 0 0 0 0 0 0 0 0 0 0 0 0 0 0 0 0 0 0 0 0 0 0 0 0 0 0 0 0 0 0 0 0 0 0 0 0 0 0 0 0 0 0 0 0 0 0 0 0 0 0 0 0 0 0 0 0 0 0 0 0 0 0 0 0 0 0 0 0 0 0 0 0 0 0 0 0 0 0 0 0 0 0 0 0 17 0 0 0 0 0 0 0 0 0 0 0 0 0 0 0 0 0 0 0 0 0 0 0 0 0 0 0 0 0 0 0 14 0 0 0 241 16 0 0 1 0 0 0 0 0 0 0 0 0 0 0 2 0 0 0 0 0 3 0 2 0 0 0 48 0 0 0 255 255 255 255 5 0 6 0 0 0 0 0 data 6 0x60005 0x0 0x2028dac0 0x21e 0x0 0x0 oops 1 2 java/util/concurrent/ThreadPoolExecutor$CallerRunsPolicy
ciMethodData java/util/concurrent/locks/LockSupport unpark (Ljava/lang/Thread;)V 2 2214 orig 264 8 30 98 112 0 0 0 0 176 2 84 27 0 0 0 0 152 1 0 0 0 0 0 0 0 0 0 0 0 0 0 0 0 0 0 0 0 0 0 0 0 0 0 0 0 0 0 0 0 0 0 0 0 0 0 0 0 0 0 0 0 0 0 0 0 0 0 0 0 0 0 0 0 0 0 0 0 0 0 0 77 68 79 32 101 120 116 114 97 32 100 97 116 97 32 108 111 99 107 0 0 0 0 0 0 0 0 0 0 0 0 0 0 0 0 0 0 0 0 0 0 0 0 0 0 0 0 0 0 0 0 0 0 0 0 0 0 0 0 0 0 0 0 0 0 0 0 0 0 0 0 0 0 0 0 0 0 0 0 0 0 0 0 0 0 0 0 0 0 0 0 0 0 0 0 0 0 0 0 0 0 0 0 0 0 0 0 0 0 0 0 0 0 0 0 0 0 0 0 0 0 0 0 0 0 0 0 0 0 0 0 0 0 0 0 0 250 0 0 0 97 61 0 0 1 0 0 0 0 0 0 0 0 0 0 0 2 0 0 0 0 0 0 0 0 0 0 0 80 0 0 0 255 255 255 255 7 0 1 0 0 0 0 0 data 10 0x10007 0x0 0x50 0x7ac 0x80005 0x75 0x1d25cda0 0x737 0x0 0x0 oops 1 6 sun/misc/Unsafe
ciMethodData java/util/concurrent/locks/AbstractQueuedSynchronizer compareAndSetTail (Ljava/util/concurrent/locks/AbstractQueuedSynchronizer$Node;Ljava/util/concurrent/locks/AbstractQueuedSynchronizer$Node;)Z 2 9181 orig 264 8 30 98 112 0 0 0 0 152 211 76 27 0 0 0 0 136 1 0 0 0 0 0 0 0 0 0 0 0 0 0 0 0 0 0 0 0 0 0 0 0 0 0 0 0 0 0 0 0 0 0 0 0 0 0 0 0 0 0 0 0 0 0 0 0 0 0 0 0 0 0 0 0 0 0 0 0 0 0 0 77 68 79 32 101 120 116 114 97 32 100 97 116 97 32 108 111 99 107 0 0 0 0 0 0 0 0 0 0 0 0 0 0 0 0 0 0 0 0 0 0 0 0 0 0 0 0 0 0 0 0 0 0 0 0 0 0 0 0 0 0 0 0 0 0 0 0 0 0 0 0 0 0 0 0 0 0 0 0 0 0 0 0 0 0 0 0 0 0 0 0 0 0 0 0 0 0 0 0 0 0 0 0 0 17 0 0 0 0 0 0 0 0 0 0 0 0 0 0 0 0 0 0 0 0 0 0 0 0 0 0 0 0 0 0 0 0 1 0 0 9 10 1 0 1 0 0 0 0 0 0 0 0 0 0 0 2 0 0 0 0 0 3 0 1 0 0 0 48 0 0 0 255 255 255 255 5 0 9 0 0 0 0 0 data 6 0x90005 0x0 0x0 0x0 0x0 0x0 oops 0
ciMethodData java/util/concurrent/locks/AbstractQueuedSynchronizer setHead (Ljava/util/concurrent/locks/AbstractQueuedSynchronizer$Node;)V 2 4272 orig 264 8 30 98 112 0 0 0 0 216 172 76 27 0 0 0 0 40 1 0 0 0 0 0 0 0 0 0 0 0 0 0 0 0 0 0 0 0 0 0 0 0 0 0 0 0 0 0 0 0 0 0 0 0 0 0 0 0 0 0 0 0 0 0 0 0 0 0 0 0 0 0 0 0 0 0 0 0 0 0 0 77 68 79 32 101 120 116 114 97 32 100 97 116 97 32 108 111 99 107 0 0 0 0 0 0 0 0 0 0 0 0 0 0 0 0 0 0 0 0 0 0 0 0 0 0 0 0 0 0 0 0 0 0 0 0 0 0 0 0 0 0 0 0 0 0 0 0 0 0 0 0 0 0 0 0 0 0 0 0 0 0 0 0 0 0 0 0 0 0 0 0 0 0 0 0 0 0 0 0 0 0 0 0 0 0 0 0 0 0 0 0 0 0 0 0 0 0 0 0 0 0 0 0 0 0 0 0 0 0 0 0 0 0 0 0 0 0 1 0 0 65 120 0 0 1 0 0 0 0 0 0 0 0 0 0 0 2 0 0 0 0 0 3 0 1 0 0 0 0 0 0 0 255 255 255 255 0 0 0 0 0 0 0 0 data 0 oops 0
ciMethodData java/lang/Object wait ()V 1 15 orig 264 8 30 98 112 0 0 0 0 120 11 36 27 0 0 0 0 120 1 0 0 0 0 0 0 0 0 0 0 0 0 0 0 0 0 0 0 0 0 0 0 0 0 0 0 0 0 0 0 0 0 0 0 0 0 0 0 0 0 0 0 0 0 0 0 0 0 0 0 0 0 0 0 0 0 0 0 0 0 0 0 77 68 79 32 101 120 116 114 97 32 100 97 116 97 32 108 111 99 107 0 0 0 0 0 0 0 0 0 0 0 0 0 0 0 0 0 0 0 0 0 0 0 0 0 0 0 0 0 0 0 0 0 0 0 0 0 0 0 0 0 0 0 0 0 0 0 0 0 0 0 0 0 0 0 0 0 0 0 0 0 0 0 0 0 0 0 0 0 0 0 0 0 0 0 0 0 0 0 0 0 0 0 0 0 0 0 0 0 0 0 0 0 0 0 0 0 0 0 0 0 0 0 0 0 0 0 0 0 0 0 0 0 0 0 0 0 5 0 0 0 81 0 0 0 1 0 0 0 0 0 0 0 0 0 0 0 2 0 0 0 0 0 0 0 0 0 0 0 48 0 0 0 255 255 255 255 5 0 2 0 0 0 0 0 data 6 0x20005 0x0 0x1bb148e0 0x6 0x1e8bc0f0 0x4 oops 2 2 java/lang/Object 4 java/lang/ref/Reference$Lock
ciMethodData java/util/concurrent/locks/AbstractQueuedSynchronizer parkAndCheckInterrupt ()Z 2 2540 orig 264 8 30 98 112 0 0 0 0 208 178 76 27 0 0 0 0 104 1 0 0 0 0 0 0 0 0 0 0 0 0 0 0 0 0 0 0 0 0 0 0 0 0 0 0 0 0 0 0 0 0 0 0 0 0 0 0 0 0 0 0 0 0 0 0 0 0 0 0 0 0 0 0 0 0 0 0 0 0 0 0 77 68 79 32 101 120 116 114 97 32 100 97 116 97 32 108 111 99 107 0 0 0 0 0 0 0 0 0 0 0 0 0 0 0 0 0 0 0 0 0 0 0 0 0 0 0 0 0 0 0 0 0 0 0 0 0 0 0 0 0 0 0 0 0 0 0 0 0 0 0 0 0 0 0 0 0 0 0 0 0 0 0 0 0 0 0 0 0 0 0 0 0 0 0 0 0 0 0 0 0 0 0 0 0 0 0 0 0 0 0 0 0 0 0 0 0 0 0 0 0 0 0 0 0 0 0 0 0 0 0 0 0 0 0 0 0 190 0 0 0 113 73 0 0 1 0 0 0 0 0 0 0 0 0 0 0 2 0 0 0 0 0 0 0 0 0 0 0 32 0 0 0 255 255 255 255 2 0 1 0 0 0 0 0 data 4 0x10002 0x92e 0x40002 0x92f oops 0
ciMethodData java/util/concurrent/locks/LockSupport park (Ljava/lang/Object;)V 2 5406 orig 264 8 30 98 112 0 0 0 0 88 3 84 27 0 0 0 0 168 1 0 0 0 0 0 0 0 0 0 0 0 0 0 0 0 0 0 0 0 0 0 0 0 0 0 0 0 0 0 0 0 0 0 0 0 0 0 0 0 0 0 0 0 0 0 0 0 0 0 0 0 0 0 0 0 0 0 0 0 0 0 0 77 68 79 32 101 120 116 114 97 32 100 97 116 97 32 108 111 99 107 0 0 0 0 0 0 0 0 0 0 0 0 0 0 0 0 0 0 0 0 0 0 0 0 0 0 0 0 0 0 0 0 0 0 0 0 0 0 0 0 0 0 0 0 0 0 0 0 0 0 0 0 0 0 0 0 0 0 0 0 0 0 0 0 0 0 0 0 0 0 0 0 0 0 0 0 0 0 0 0 0 0 0 0 0 0 0 0 0 0 0 0 0 0 0 0 0 0 0 0 0 0 0 0 0 0 0 0 0 0 0 0 0 0 0 0 0 92 1 0 0 153 140 0 0 1 0 0 0 0 0 0 0 0 0 0 0 2 0 0 0 0 0 3 0 2 0 0 0 96 0 0 0 255 255 255 255 2 0 0 0 0 0 0 0 data 12 0x2 0x1193 0x60002 0x1193 0xe0005 0x80 0x1d25cda0 0x1113 0x0 0x0 0x130002 0x1192 oops 1 6 sun/misc/Unsafe
ciMethodData java/util/concurrent/locks/ReentrantLock$NonfairSync lock ()V 2 11264 orig 264 8 30 98 112 0 0 0 0 184 140 76 27 0 0 0 0 32 2 0 0 144 0 0 0 0 0 0 0 0 0 0 0 0 0 0 0 0 0 0 0 0 0 0 0 0 0 0 0 0 0 0 0 0 0 0 0 0 0 0 0 0 0 0 0 0 0 0 0 0 0 0 0 0 0 0 0 0 0 0 0 77 68 79 32 101 120 116 114 97 32 100 97 116 97 32 108 111 99 107 0 0 0 0 0 0 0 0 0 0 0 0 0 0 0 0 0 0 0 0 0 0 0 0 0 0 0 0 0 0 0 0 0 0 0 0 0 0 0 0 0 0 0 0 0 0 0 0 0 0 0 0 0 0 0 0 0 0 0 0 0 0 0 0 0 0 0 0 0 0 0 0 0 0 0 0 0 0 0 0 0 0 0 0 0 0 0 0 0 0 0 0 0 0 0 0 0 0 0 0 0 0 0 0 0 0 0 0 0 0 0 0 0 0 0 0 0 0 1 0 0 1 160 0 0 1 0 0 0 0 0 0 0 0 0 0 0 2 0 0 0 0 0 11 0 2 0 0 0 216 0 0 0 255 255 255 255 5 0 3 0 0 0 0 0 data 27 0x30005 0x0 0x1f68d6d0 0x1400 0x0 0x0 0x60007 0x0 0x78 0x1400 0xa0002 0x1400 0xd0005 0x0 0x1f68d6d0 0x1400 0x0 0x0 0x100003 0x1400 0x48 0x150005 0x0 0x0 0x0 0x0 0x0 oops 2 2 java/util/concurrent/locks/ReentrantLock$NonfairSync 14 java/util/concurrent/locks/ReentrantLock$NonfairSync
ciMethodData java/util/concurrent/atomic/AtomicInteger getAndIncrement ()I 2 5155 orig 264 8 30 98 112 0 0 0 0 72 58 52 27 0 0 0 0 120 1 0 0 0 0 0 0 0 0 0 0 0 0 0 0 0 0 0 0 0 0 0 0 0 0 0 0 0 0 0 0 0 0 0 0 0 0 0 0 0 0 0 0 0 0 0 0 0 0 0 0 0 0 0 0 0 0 0 0 0 0 0 0 77 68 79 32 101 120 116 114 97 32 100 97 116 97 32 108 111 99 107 0 0 0 0 0 0 0 0 0 0 0 0 0 0 0 0 0 0 0 0 0 0 0 0 0 0 0 0 0 0 0 0 0 0 0 0 0 0 0 0 0 0 0 0 0 0 0 0 0 0 0 0 0 0 0 0 0 0 0 0 0 0 0 0 0 0 0 0 0 0 0 0 0 0 0 0 0 0 0 0 0 0 0 0 0 0 0 0 0 0 0 0 0 0 0 0 0 0 0 0 0 0 0 0 0 0 0 0 0 0 0 0 0 0 0 0 0 0 1 0 0 201 152 0 0 1 0 0 0 0 0 0 0 0 0 0 0 2 0 0 0 0 0 3 0 1 0 0 0 48 0 0 0 255 255 255 255 5 0 8 0 0 0 0 0 data 6 0x80005 0x0 0x0 0x0 0x0 0x0 oops 0
ciMethodData java/util/concurrent/locks/AbstractQueuedSynchronizer$Node <init> (Ljava/lang/Thread;Ljava/util/concurrent/locks/AbstractQueuedSynchronizer$Node;)V 2 5149 orig 264 8 30 98 112 0 0 0 0 160 236 76 27 0 0 0 0 64 1 0 0 0 0 0 0 0 0 0 0 0 0 0 0 0 0 0 0 0 0 0 0 0 0 0 0 0 0 0 0 0 0 0 0 0 0 0 0 0 0 0 0 0 0 0 0 0 0 0 0 0 0 0 0 0 0 0 0 0 0 0 0 77 68 79 32 101 120 116 114 97 32 100 97 116 97 32 108 111 99 107 0 0 0 0 0 0 0 0 0 0 0 0 0 0 0 0 0 0 0 0 0 0 0 0 0 0 0 0 0 0 0 0 0 0 0 0 0 0 0 0 0 0 0 0 0 0 0 0 0 0 0 0 0 0 0 0 0 0 0 0 0 0 0 0 0 0 0 0 0 0 0 0 0 0 0 0 0 0 0 0 0 0 0 0 0 1 0 0 0 0 0 0 0 0 0 0 0 0 0 0 0 1 0 0 0 0 0 0 0 0 0 0 0 0 0 0 0 0 1 0 0 169 150 0 0 1 0 0 0 0 0 0 0 0 0 0 0 2 0 0 0 0 0 3 0 2 0 0 0 16 0 0 0 255 255 255 255 2 0 1 0 0 0 0 0 data 2 0x10002 0x12d5 oops 0
ciMethodData java/util/concurrent/LinkedBlockingQueue$Node <init> (Ljava/lang/Object;)V 2 5147 orig 264 8 30 98 112 0 0 0 0 112 19 77 27 0 0 0 0 56 1 0 0 0 0 0 0 0 0 0 0 0 0 0 0 0 0 0 0 0 0 0 0 0 0 0 0 0 0 0 0 0 0 0 0 0 0 0 0 0 0 0 0 0 0 0 0 0 0 0 0 0 0 0 0 0 0 0 0 0 0 0 0 77 68 79 32 101 120 116 114 97 32 100 97 116 97 32 108 111 99 107 0 0 0 0 0 0 0 0 0 0 0 0 0 0 0 0 0 0 0 0 0 0 0 0 0 0 0 0 0 0 0 0 0 0 0 0 0 0 0 0 0 0 0 0 0 0 0 0 0 0 0 0 0 0 0 0 0 0 0 0 0 0 0 0 0 0 0 0 0 0 0 0 0 0 0 0 0 0 0 0 0 0 0 0 0 0 0 0 0 0 0 0 0 0 0 0 0 0 0 0 0 0 0 0 0 0 0 0 0 0 0 0 0 0 0 0 0 0 1 0 0 193 152 0 0 1 0 0 0 0 0 0 0 0 0 0 0 2 0 0 0 0 0 3 0 2 0 0 0 16 0 0 0 255 255 255 255 2 0 1 0 0 0 0 0 data 2 0x10002 0x1318 oops 0
ciMethodData java/util/concurrent/Executors$DelegatedExecutorService submit (Ljava/util/concurrent/Callable;)Ljava/util/concurrent/Future; 2 10250 orig 264 8 30 98 112 0 0 0 0 96 42 78 27 0 0 0 0 128 1 0 0 0 0 0 0 0 0 0 0 0 0 0 0 0 0 0 0 0 0 0 0 0 0 0 0 0 0 0 0 0 0 0 0 0 0 0 0 0 0 0 0 0 0 0 0 0 0 0 0 0 0 0 0 0 0 0 0 0 0 0 0 77 68 79 32 101 120 116 114 97 32 100 97 116 97 32 108 111 99 107 0 0 0 0 0 0 0 0 0 0 0 0 0 0 0 0 0 0 0 0 0 0 0 0 0 0 0 0 0 0 0 0 0 0 0 0 0 0 0 0 0 0 0 0 0 0 0 0 0 0 0 0 0 0 0 0 0 0 0 0 0 0 0 0 0 0 0 0 0 0 0 0 0 0 0 0 0 0 0 0 0 0 0 0 0 0 0 0 0 0 0 0 0 0 0 0 0 0 0 0 0 0 0 0 0 0 0 0 0 0 0 0 0 0 0 0 0 0 1 0 0 73 192 0 0 1 0 0 0 0 0 0 0 0 0 0 0 2 0 0 0 0 0 3 0 2 0 0 0 48 0 0 0 255 255 255 255 5 0 5 0 0 0 0 0 data 6 0x50005 0x0 0x1f39c3d0 0x1809 0x0 0x0 oops 1 2 java/util/concurrent/ThreadPoolExecutor
ciMethodData java/util/concurrent/LinkedBlockingQueue offer (Ljava/lang/Object;)Z 2 8984 orig 264 8 30 98 112 0 0 0 0 40 92 76 27 0 0 0 0 208 3 0 0 56 2 0 0 0 0 0 0 0 0 0 0 0 0 0 0 0 0 0 0 0 0 0 0 0 0 0 0 0 0 0 0 0 0 0 0 0 0 0 0 0 0 0 0 0 0 0 0 0 0 0 0 0 0 0 0 0 0 0 0 77 68 79 32 101 120 116 114 97 32 100 97 116 97 32 108 111 99 107 0 0 0 0 0 0 0 0 0 0 0 0 0 0 0 0 0 0 0 0 0 0 0 0 0 0 0 0 0 0 0 0 0 0 0 0 0 0 0 0 0 0 0 0 0 0 0 0 0 0 0 0 0 0 0 0 0 0 0 0 0 0 0 0 0 0 0 0 0 0 0 0 0 0 0 0 0 0 0 0 0 0 0 0 0 0 0 0 0 0 0 0 0 0 0 0 0 0 0 0 0 0 0 0 0 0 0 0 0 0 0 0 0 0 0 0 0 0 1 0 0 193 152 0 0 1 0 0 0 0 0 0 0 0 0 0 0 2 0 0 0 0 0 31 0 2 0 0 0 128 2 0 0 255 255 255 255 7 0 1 0 0 0 0 0 data 80 0x10007 0x1318 0x30 0x0 0x80002 0x0 0x120005 0x1 0x1f3b1cf0 0x1317 0x0 0x0 0x190007 0x1318 0x20 0x0 0x250002 0x1318 0x320005 0x0 0x1e8dd4f0 0x1318 0x0 0x0 0x360005 0x1 0x1f3b1cf0 0x1317 0x0 0x0 0x3d0007 0x0 0xb0 0x1318 0x430002 0x1318 0x470005 0x1 0x1f3b1cf0 0x1317 0x0 0x0 0x520007 0x0 0x50 0x1318 0x590005 0x0 0x1edba9a0 0x1318 0x0 0x0 0x600005 0x0 0x1e8dd4f0 0x1318 0x0 0x0 0x630003 0x1318 0x48 0x6a0005 0x0 0x0 0x0 0x0 0x0 0x710007 0xed2 0x30 0x446 0x750002 0x446 0x790007 0x0 0x38 0x1318 0x7d0003 0x1318 0x18 oops 6 8 java/util/concurrent/atomic/AtomicInteger 20 java/util/concurrent/locks/ReentrantLock 26 java/util/concurrent/atomic/AtomicInteger 38 java/util/concurrent/atomic/AtomicInteger 48 java/util/concurrent/locks/AbstractQueuedSynchronizer$ConditionObject 54 java/util/concurrent/locks/ReentrantLock
ciMethodData java/util/concurrent/LinkedBlockingQueue enqueue (Ljava/util/concurrent/LinkedBlockingQueue$Node;)V 2 5146 orig 264 8 30 98 112 0 0 0 0 88 82 76 27 0 0 0 0 40 1 0 0 0 0 0 0 0 0 0 0 0 0 0 0 0 0 0 0 0 0 0 0 0 0 0 0 0 0 0 0 0 0 0 0 0 0 0 0 0 0 0 0 0 0 0 0 0 0 0 0 0 0 0 0 0 0 0 0 0 0 0 0 77 68 79 32 101 120 116 114 97 32 100 97 116 97 32 108 111 99 107 0 0 0 0 0 0 0 0 0 0 0 0 0 0 0 0 0 0 0 0 0 0 0 0 0 0 0 0 0 0 0 0 0 0 0 0 0 0 0 0 0 0 0 0 0 0 0 0 0 0 0 0 0 0 0 0 0 0 0 0 0 0 0 0 0 0 0 0 0 0 0 0 0 0 0 0 0 0 0 0 0 0 0 0 0 0 0 0 0 0 0 0 0 0 0 0 0 0 0 0 0 0 0 0 0 0 0 0 0 0 0 0 0 0 0 0 0 255 0 0 0 217 152 0 0 1 0 0 0 0 0 0 0 0 0 0 0 2 0 0 0 0 0 0 0 0 0 0 0 0 0 0 0 255 255 255 255 0 0 0 0 0 0 0 0 data 0 oops 0
ciMethodData java/util/concurrent/LinkedBlockingQueue signalNotEmpty ()V 2 1139 orig 264 8 30 98 112 0 0 0 0 248 80 76 27 0 0 0 0 32 2 0 0 0 0 0 0 0 0 0 0 0 0 0 0 0 0 0 0 0 0 0 0 0 0 0 0 0 0 0 0 0 0 0 0 0 0 0 0 0 0 0 0 0 0 0 0 0 0 0 0 0 0 0 0 0 0 0 0 0 0 0 0 77 68 79 32 101 120 116 114 97 32 100 97 116 97 32 108 111 99 107 0 0 0 0 0 0 0 0 0 0 0 0 0 0 0 0 0 0 0 0 0 0 0 0 0 0 0 0 0 0 0 0 0 0 0 0 0 0 0 0 0 0 0 0 0 0 0 0 0 0 0 0 0 0 0 0 0 0 0 0 0 0 0 0 0 0 0 0 0 0 0 0 0 0 0 0 0 0 0 0 0 0 0 0 0 0 0 0 0 0 0 0 0 0 0 0 0 0 0 0 0 0 0 0 0 0 0 0 0 0 0 0 0 0 0 0 0 44 0 0 0 57 34 0 0 1 0 0 0 0 0 0 0 0 0 0 0 2 0 0 0 0 0 0 0 0 0 0 0 216 0 0 0 255 255 255 255 5 0 6 0 0 0 0 0 data 27 0x60005 0x0 0x1e8dd4f0 0x447 0x0 0x0 0xd0005 0x0 0x1edba9a0 0x447 0x0 0x0 0x130005 0x0 0x1e8dd4f0 0x447 0x0 0x0 0x160003 0x447 0x48 0x1b0005 0x0 0x0 0x0 0x0 0x0 oops 3 2 java/util/concurrent/locks/ReentrantLock 8 java/util/concurrent/locks/AbstractQueuedSynchronizer$ConditionObject 14 java/util/concurrent/locks/ReentrantLock
ciMethodData java/util/concurrent/ArrayBlockingQueue offer (Ljava/lang/Object;)Z 2 8981 orig 264 8 30 98 112 0 0 0 0 112 250 77 27 0 0 0 0 80 2 0 0 16 0 0 0 0 0 0 0 0 0 0 0 0 0 0 0 0 0 0 0 0 0 0 0 0 0 0 0 0 0 0 0 0 0 0 0 0 0 0 0 0 0 0 0 0 0 0 0 0 0 0 0 0 0 0 0 0 0 0 0 77 68 79 32 101 120 116 114 97 32 100 97 116 97 32 108 111 99 107 0 0 0 0 0 0 0 0 0 0 0 0 0 0 0 0 0 0 0 0 0 0 0 0 0 0 0 0 0 0 0 0 0 0 0 0 0 0 0 0 0 0 0 0 0 0 0 0 0 0 0 0 0 0 0 0 0 0 0 0 0 0 0 0 0 0 0 0 0 0 0 0 0 0 0 0 0 0 0 0 0 0 0 0 0 0 0 0 0 0 0 0 0 0 0 0 0 0 0 0 0 0 0 0 0 0 0 0 0 0 0 0 0 0 0 0 0 0 1 0 0 169 152 0 0 1 0 0 0 30 10 0 0 0 0 0 0 2 0 0 0 0 0 13 0 2 0 0 0 0 1 0 0 255 255 255 255 2 0 1 0 0 0 0 0 data 32 0x10002 0x1315 0xa0005 0x0 0x1e8dd4f0 0x1315 0x0 0x0 0x160007 0x115e 0x50 0x1b8 0x1c0005 0x0 0x1e8dd4f0 0x1b8 0x0 0x0 0x230002 0x115e 0x290005 0x0 0x1e8dd4f0 0x115e 0x0 0x0 0x310005 0x0 0x0 0x0 0x0 0x0 oops 3 4 java/util/concurrent/locks/ReentrantLock 14 java/util/concurrent/locks/ReentrantLock 22 java/util/concurrent/locks/ReentrantLock
ciMethodData java/util/concurrent/ArrayBlockingQueue checkNotNull (Ljava/lang/Object;)V 2 5141 orig 264 8 30 98 112 0 0 0 0 48 243 77 27 0 0 0 0 80 1 0 0 0 0 0 0 0 0 0 0 0 0 0 0 0 0 0 0 0 0 0 0 0 0 0 0 0 0 0 0 0 0 0 0 0 0 0 0 0 0 0 0 0 0 0 0 0 0 0 0 0 0 0 0 0 0 0 0 0 0 0 0 77 68 79 32 101 120 116 114 97 32 100 97 116 97 32 108 111 99 107 0 0 0 0 0 0 0 0 0 0 0 0 0 0 0 0 0 0 0 0 0 0 0 0 0 0 0 0 0 0 0 0 0 0 0 0 0 0 0 0 0 0 0 0 0 0 0 0 0 0 0 0 0 0 0 0 0 0 0 0 0 0 0 0 0 0 0 0 0 0 0 0 0 0 0 0 0 0 0 0 0 0 0 0 0 0 0 0 0 0 0 0 0 0 0 0 0 0 0 0 0 0 0 0 0 0 0 0 0 0 0 0 0 0 0 0 0 255 0 0 0 177 152 0 0 1 0 0 0 0 0 0 0 0 0 0 0 2 0 0 0 0 0 0 0 0 0 0 0 48 0 0 0 255 255 255 255 7 0 1 0 0 0 0 0 data 6 0x10007 0x1316 0x30 0x0 0x80002 0x0 oops 0
ciMethodData java/util/concurrent/ArrayBlockingQueue enqueue (Ljava/lang/Object;)V 2 8316 orig 264 8 30 98 112 0 0 0 0 0 244 77 27 0 0 0 0 208 1 0 0 48 0 0 0 0 0 0 0 0 0 0 0 0 0 0 0 0 0 0 0 0 0 0 0 0 0 0 0 0 0 0 0 0 0 0 0 0 0 0 0 0 0 0 0 0 0 0 0 0 0 0 0 0 0 0 0 0 0 0 0 77 68 79 32 101 120 116 114 97 32 100 97 116 97 32 108 111 99 107 0 0 0 0 0 0 0 0 0 0 0 0 0 0 0 0 0 0 0 0 0 0 0 0 0 0 0 0 0 0 0 0 0 0 0 0 0 0 0 0 0 0 0 0 0 0 0 0 0 0 0 0 0 0 0 0 0 0 0 0 0 0 0 0 0 0 0 0 0 0 0 0 0 0 0 0 0 0 0 0 0 0 0 0 0 0 0 0 0 0 0 0 0 0 0 0 0 0 0 0 0 0 0 0 0 0 0 0 0 0 0 0 0 0 0 0 0 209 0 0 0 225 131 0 0 1 0 0 0 0 0 0 0 0 0 0 0 2 0 0 0 0 0 12 0 2 0 0 0 128 0 0 0 255 255 255 255 4 0 11 0 0 0 0 0 data 16 0xb0004 0x0 0x1e8c3020 0x107c 0x0 0x0 0x190007 0xe6d 0x20 0x20f 0x2f0005 0x0 0x1edba9a0 0x107c 0x0 0x0 oops 2 2 java/util/concurrent/FutureTask 12 java/util/concurrent/locks/AbstractQueuedSynchronizer$ConditionObject
ciMethodData java/util/concurrent/locks/ReentrantLock$FairSync lock ()V 2 8981 orig 264 8 30 98 112 0 0 0 0 200 23 78 27 0 0 0 0 120 1 0 0 0 0 0 0 0 0 0 0 0 0 0 0 0 0 0 0 0 0 0 0 0 0 0 0 0 0 0 0 0 0 0 0 0 0 0 0 0 0 0 0 0 0 0 0 0 0 0 0 0 0 0 0 0 0 0 0 0 0 0 0 77 68 79 32 101 120 116 114 97 32 100 97 116 97 32 108 111 99 107 0 0 0 0 0 0 0 0 0 0 0 0 0 0 0 0 0 0 0 0 0 0 0 0 0 0 0 0 0 0 0 0 0 0 0 0 0 0 0 0 0 0 0 0 0 0 0 0 0 0 0 0 0 0 0 0 0 0 0 0 0 0 0 0 0 0 0 0 0 0 0 0 0 0 0 0 0 0 0 0 0 0 0 0 0 0 0 0 0 0 0 0 0 0 0 0 0 0 0 0 0 0 0 0 0 0 0 0 0 0 0 0 0 0 0 0 0 0 1 0 0 169 152 0 0 1 0 0 0 30 10 0 0 0 0 0 0 2 0 0 0 0 0 9 0 2 0 0 0 48 0 0 0 255 255 255 255 5 0 2 0 0 0 0 0 data 6 0x20005 0x0 0x1f68d780 0x1315 0x0 0x0 oops 1 2 java/util/concurrent/locks/ReentrantLock$FairSync
ciMethodData java/util/concurrent/locks/AbstractQueuedSynchronizer enq (Ljava/util/concurrent/locks/AbstractQueuedSynchronizer$Node;)Ljava/util/concurrent/locks/AbstractQueuedSynchronizer$Node; 2 7917 orig 264 8 30 98 112 0 0 0 0 112 171 76 27 0 0 0 0 232 1 0 0 168 0 0 0 0 0 0 0 0 0 0 0 0 0 0 0 0 0 0 0 0 0 0 0 0 0 0 0 0 0 0 0 0 0 0 0 0 0 0 0 0 0 0 0 0 0 0 0 0 0 0 0 0 0 0 0 0 0 0 0 77 68 79 32 101 120 116 114 97 32 100 97 116 97 32 108 111 99 107 0 0 0 0 0 0 0 0 0 0 0 0 0 0 0 0 0 0 0 0 0 0 0 0 0 0 0 0 0 0 0 0 0 0 0 0 0 0 0 0 0 0 0 0 0 0 0 0 0 0 0 0 0 0 0 0 0 0 0 0 0 0 0 0 0 0 0 0 0 0 0 0 0 0 0 0 0 0 0 0 0 0 0 0 0 25 0 0 0 0 0 0 0 0 0 0 0 0 0 0 0 0 0 0 0 0 0 0 0 0 0 0 0 0 0 0 0 211 0 0 0 105 119 0 0 1 0 0 0 0 0 0 0 0 0 0 0 2 0 0 0 1 0 10 0 2 0 0 0 192 0 0 0 255 255 255 255 7 0 6 0 0 0 0 0 data 24 0x60007 0xeed 0x78 0x0 0xe0002 0x0 0x110002 0x0 0x140007 0x0 0x68 0x0 0x1f0003 0x0 0x48 0x2a0002 0xeed 0x2d0007 0x0 0x20 0xeed 0x370003 0x0 0xffffffffffffff58 oops 0
ciMethodData java/util/concurrent/locks/AbstractQueuedSynchronizer transferForSignal (Ljava/util/concurrent/locks/AbstractQueuedSynchronizer$Node;)Z 2 7915 orig 264 8 30 98 112 0 0 0 0 40 206 76 27 0 0 0 0 240 1 0 0 112 0 0 0 0 0 0 0 0 0 0 0 0 0 0 0 0 0 0 0 0 0 0 0 0 0 0 0 0 0 0 0 0 0 0 0 0 0 0 0 0 0 0 0 0 0 0 0 0 0 0 0 0 0 0 0 0 0 0 0 77 68 79 32 101 120 116 114 97 32 100 97 116 97 32 108 111 99 107 0 0 0 0 0 0 0 0 0 0 0 0 0 0 0 0 0 0 0 0 0 0 0 0 0 0 0 0 0 0 0 0 0 0 0 0 0 0 0 0 0 0 0 0 0 0 0 0 0 0 0 0 0 0 0 0 0 0 0 0 0 0 0 0 0 0 0 0 0 0 0 0 0 0 0 0 0 0 0 0 0 0 0 0 0 0 0 0 0 0 0 0 0 0 0 0 0 0 0 0 0 0 0 0 0 0 0 0 0 0 0 0 0 0 0 0 0 0 1 0 0 89 119 0 0 1 0 0 0 0 0 0 0 0 0 0 0 2 0 0 0 0 0 14 0 2 0 0 0 160 0 0 0 255 255 255 255 2 0 4 0 0 0 0 0 data 20 0x40002 0xeeb 0x70007 0xeeb 0x20 0x0 0xe0002 0xeeb 0x180007 0x0 0x50 0xeeb 0x1e0002 0xeeb 0x210007 0xeeb 0x30 0x0 0x280002 0x0 oops 0
ciMethodData java/util/concurrent/ThreadPoolExecutor$Worker <init> (Ljava/util/concurrent/ThreadPoolExecutor;Ljava/lang/Runnable;)V 1 6 orig 264 8 30 98 112 0 0 0 0 72 239 83 27 0 0 0 0 248 1 0 0 0 0 0 0 0 0 0 0 0 0 0 0 0 0 0 0 0 0 0 0 0 0 0 0 0 0 0 0 0 0 0 0 0 0 0 0 0 0 0 0 0 0 0 0 0 0 0 0 0 0 0 0 0 0 0 0 0 0 0 0 77 68 79 32 101 120 116 114 97 32 100 97 116 97 32 108 111 99 107 0 0 0 0 0 0 0 0 0 0 0 0 0 0 0 0 0 0 0 0 0 0 0 0 0 0 0 0 0 0 0 0 0 0 0 0 0 0 0 0 0 0 0 0 0 0 0 0 0 0 0 0 0 0 0 0 0 0 0 0 0 0 0 0 0 0 0 0 0 0 0 0 0 0 0 0 0 0 0 0 0 0 0 0 0 0 0 0 0 0 0 0 0 0 0 0 0 0 0 0 0 0 0 0 0 0 0 0 0 0 0 0 0 0 0 0 0 5 0 0 0 9 0 0 0 1 0 0 0 0 0 0 0 0 0 0 0 2 0 0 0 0 0 0 0 0 0 0 0 160 0 0 0 255 255 255 255 2 0 6 0 0 0 0 0 data 20 0x60002 0x1 0xb0005 0x0 0x1e8dc0b0 0x1 0x0 0x0 0x150005 0x0 0x1f39c3d0 0x1 0x0 0x0 0x190005 0x0 0x1f5c8ad0 0x1 0x0 0x0 oops 3 4 java/util/concurrent/ThreadPoolExecutor$Worker 10 java/util/concurrent/ThreadPoolExecutor 16 java/util/concurrent/Executors$DefaultThreadFactory
ciMethodData java/util/concurrent/locks/AbstractQueuedSynchronizer <init> ()V 1 14 orig 264 8 30 98 112 0 0 0 0 208 168 76 27 0 0 0 0 48 1 0 0 0 0 0 0 0 0 0 0 0 0 0 0 0 0 0 0 0 0 0 0 0 0 0 0 0 0 0 0 0 0 0 0 0 0 0 0 0 0 0 0 0 0 0 0 0 0 0 0 0 0 0 0 0 0 0 0 0 0 0 0 77 68 79 32 101 120 116 114 97 32 100 97 116 97 32 108 111 99 107 0 0 0 0 0 0 0 0 0 0 0 0 0 0 0 0 0 0 0 0 0 0 0 0 0 0 0 0 0 0 0 0 0 0 0 0 0 0 0 0 0 0 0 0 0 0 0 0 0 0 0 0 0 0 0 0 0 0 0 0 0 0 0 0 0 0 0 0 0 0 0 0 0 0 0 0 0 0 0 0 0 0 0 0 0 0 0 0 0 0 0 0 0 0 0 0 0 0 0 0 0 0 0 0 0 0 0 0 0 0 0 0 0 0 0 0 0 13 0 0 0 9 0 0 0 1 0 0 0 0 0 0 0 0 0 0 0 2 0 0 0 0 0 0 0 0 0 0 0 16 0 0 0 255 255 255 255 2 0 1 0 0 0 0 0 data 2 0x10002 0x1 oops 0
ciMethodData java/util/concurrent/locks/AbstractOwnableSynchronizer <init> ()V 1 14 orig 264 8 30 98 112 0 0 0 0 80 216 76 27 0 0 0 0 48 1 0 0 0 0 0 0 0 0 0 0 0 0 0 0 0 0 0 0 0 0 0 0 0 0 0 0 0 0 0 0 0 0 0 0 0 0 0 0 0 0 0 0 0 0 0 0 0 0 0 0 0 0 0 0 0 0 0 0 0 0 0 0 77 68 79 32 101 120 116 114 97 32 100 97 116 97 32 108 111 99 107 0 0 0 0 0 0 0 0 0 0 0 0 0 0 0 0 0 0 0 0 0 0 0 0 0 0 0 0 0 0 0 0 0 0 0 0 0 0 0 0 0 0 0 0 0 0 0 0 0 0 0 0 0 0 0 0 0 0 0 0 0 0 0 0 0 0 0 0 0 0 0 0 0 0 0 0 0 0 0 0 0 0 0 0 0 0 0 0 0 0 0 0 0 0 0 0 0 0 0 0 0 0 0 0 0 0 0 0 0 0 0 0 0 0 0 0 0 13 0 0 0 9 0 0 0 1 0 0 0 0 0 0 0 0 0 0 0 2 0 0 0 0 0 0 0 0 0 0 0 16 0 0 0 255 255 255 255 2 0 1 0 0 0 0 0 data 2 0x10002 0x1 oops 0
ciMethod com/android/dx/command/dexer/Main createDexFile ()V 17 1 2 0 -1
ciMethod com/android/dx/command/dexer/Main rotateDexFile ()V 0 0 1 0 0
ciMethod com/android/dx/command/dexer/Main writeDex (Lcom/android/dx/dex/file/DexFile;)[B 9 1 1 0 -1
ciMethod com/android/dx/command/dexer/Main access$1300 ()Lcom/android/dx/command/dexer/Main$Arguments; 15377 1 24608 0 0
ciMethod com/android/dx/command/dexer/Main access$1600 ()Ljava/lang/Object; 2049 1 17189 0 0
ciMethod com/android/dx/command/dexer/Main access$1700 ()Lcom/android/dx/dex/file/DexFile; 2049 1 18975 0 0
ciMethod com/android/dx/command/dexer/Main access$1800 ()I 2049 1 18082 0 0
ciMethod com/android/dx/command/dexer/Main access$2000 ()I 2049 1 18069 0 0
ciMethod com/android/dx/command/dexer/Main access$2100 ()V 0 0 1 0 0
ciMethod com/android/dx/command/dexer/Main access$1802 (I)I 7169 1 11793 0 0
ciMethod com/android/dx/command/dexer/Main access$2002 (I)I 7169 1 11793 0 0
ciMethod com/android/dx/command/dexer/Main access$2300 ()Ljava/util/concurrent/ExecutorService; 4097 1 6403 0 0
ciMethod com/android/dx/command/dexer/Main access$2500 ()Ljava/util/concurrent/ExecutorService; 4097 1 6402 0 0
ciMethod com/android/dx/command/dexer/Main access$2600 ()Ljava/util/List; 4097 1 6402 0 -1
ciMethod com/android/dx/command/dexer/Main$Arguments access$1900 (Lcom/android/dx/command/dexer/Main$Arguments;)I 2049 1 256 0 0
ciMethod com/android/dx/dex/file/DexFile getClassDefs ()Lcom/android/dx/dex/file/ClassDefsSection; 9 1 1 0 0
ciMethod com/android/dx/dex/file/DexFile getFieldIds ()Lcom/android/dx/dex/file/FieldIdsSection; 1041 1 130 0 0
ciMethod com/android/dx/dex/file/DexFile getMethodIds ()Lcom/android/dx/dex/file/MethodIdsSection; 1081 1 135 0 0
ciMethod com/android/dx/rop/cst/CstType getClassType ()Lcom/android/dx/rop/type/Type; 1073 1 134 0 -1
ciMethod com/android/dx/dex/file/FieldIdsSection items ()Ljava/util/Collection; 4145 1 6416 0 0
ciMethod com/android/dx/dex/file/MethodIdsSection items ()Ljava/util/Collection; 4145 1 6416 0 0
ciMethod com/android/dx/dex/file/ClassDefsSection items ()Ljava/util/Collection; 0 0 5 0 0
ciMethod com/android/dx/command/dexer/Main$DirectClassFileConsumer call (Lcom/android/dx/cf/direct/DirectClassFile;)Ljava/lang/Boolean; 32777 1 10244 0 -1
ciMethod com/android/dx/cf/direct/DirectClassFile getConstantPool ()Lcom/android/dx/rop/cst/ConstantPool; 3113 1 142886 0 160
ciMethod com/android/dx/cf/direct/DirectClassFile getFields ()Lcom/android/dx/cf/iface/FieldList; 6033 1 7435 0 0
ciMethod com/android/dx/cf/direct/DirectClassFile getMethods ()Lcom/android/dx/cf/iface/MethodList; 6681 1 10220 0 0
ciMethod com/android/dx/cf/direct/DirectClassFile makeTypeList (II)Lcom/android/dx/rop/type/TypeList; 49153 1 11268 0 -1
ciMethod com/android/dx/cf/direct/DirectClassFile getMagic0 ()I 4097 1 11661 0 -1
ciMethod com/android/dx/cf/direct/DirectClassFile getMinorVersion0 ()I 2041 1 6404 0 -1
ciMethod com/android/dx/cf/direct/DirectClassFile getMajorVersion0 ()I 2041 1 6404 0 -1
ciMethod com/android/dx/cf/direct/DirectClassFile parseToInterfacesIfNecessary ()V 3289 1 189640 0 0
ciMethod com/android/dx/cf/direct/DirectClassFile parseToEndIfNecessary ()V 2145 1 41651 0 0
ciMethod com/android/dx/cf/direct/DirectClassFile parse ()V 32769 1 9222 0 128
ciMethod com/android/dx/cf/direct/DirectClassFile isGoodMagic (I)Z 2041 1 6404 0 -1
ciMethod com/android/dx/cf/direct/DirectClassFile isGoodVersion (II)Z 2041 1 6404 0 -1
ciMethod com/android/dx/cf/direct/DirectClassFile parse0 ()V 32785 1 10246 0 -1
ciMethod com/android/dx/rop/cst/ConstantPool size ()I 0 0 1 0 -1
ciMethod com/android/dx/cf/iface/FieldList size ()I 0 0 1 0 -1
ciMethod com/android/dx/cf/iface/MethodList size ()I 0 0 1 0 -1
ciMethod com/android/dx/util/ByteArray size ()I 1465 1 183 0 -1
ciMethod com/android/dx/util/ByteArray getUnsignedShort (I)I 3185 1 1153728 0 -1
ciMethod com/android/dx/cf/cst/ConstantPoolParser <init> (Lcom/android/dx/util/ByteArray;)V 32809 1 10246 0 -1
ciMethod com/android/dx/cf/cst/ConstantPoolParser setObserver (Lcom/android/dx/cf/iface/ParseObserver;)V 2041 1 6404 0 -1
ciMethod com/android/dx/cf/cst/ConstantPoolParser getEndOffset ()I 2041 1 6403 0 -1
ciMethod com/android/dx/cf/cst/ConstantPoolParser getPool ()Lcom/android/dx/rop/cst/StdConstantPool; 2041 1 6404 0 -1
ciMethod com/android/dx/rop/cst/StdConstantPool size ()I 16385 1 11767 0 0
ciMethod com/android/dx/rop/cst/StdConstantPool get0Ok (I)Lcom/android/dx/rop/cst/Constant; 32777 1 26817 0 -1
ciMethod com/android/dx/rop/cst/StdConstantPool get (I)Lcom/android/dx/rop/cst/Constant; 3137 1 405647 0 -1
ciMethod com/android/dx/util/MutabilityControl setImmutable ()V 3169 1 1902201 0 -1
ciMethod com/android/dx/rop/type/Type getClassName ()Ljava/lang/String; 32769 1 10247 0 -1
ciMethod com/android/dx/util/FixedSizeList size ()I 2489 1 7427923 0 0
ciMethod com/android/dx/cf/direct/FieldListParser <init> (Lcom/android/dx/cf/direct/DirectClassFile;Lcom/android/dx/rop/cst/CstType;ILcom/android/dx/cf/direct/AttributeFactory;)V 2041 1 6403 0 -1
ciMethod com/android/dx/cf/direct/FieldListParser getList ()Lcom/android/dx/cf/iface/StdFieldList; 2041 1 6403 0 -1
ciMethod com/android/dx/cf/direct/MemberListParser getEndOffset ()I 4097 1 12806 0 -1
ciMethod com/android/dx/cf/direct/MemberListParser setObserver (Lcom/android/dx/cf/iface/ParseObserver;)V 4097 1 12806 0 -1
ciMethod com/android/dx/cf/direct/AttributeListParser <init> (Lcom/android/dx/cf/direct/DirectClassFile;IILcom/android/dx/cf/direct/AttributeFactory;)V 4097 1 81416 0 -1
ciMethod com/android/dx/cf/direct/AttributeListParser setObserver (Lcom/android/dx/cf/iface/ParseObserver;)V 4097 1 53081 0 -1
ciMethod com/android/dx/cf/direct/AttributeListParser getEndOffset ()I 4097 1 53934 0 -1
ciMethod com/android/dx/cf/direct/AttributeListParser getList ()Lcom/android/dx/cf/iface/StdAttributeList; 4097 1 53934 0 -1
ciMethod com/android/dx/cf/direct/MethodListParser <init> (Lcom/android/dx/cf/direct/DirectClassFile;Lcom/android/dx/rop/cst/CstType;ILcom/android/dx/cf/direct/AttributeFactory;)V 2041 1 6403 0 -1
ciMethod com/android/dx/cf/direct/MethodListParser getList ()Lcom/android/dx/cf/iface/StdMethodList; 2041 1 6403 0 -1
ciMethodData com/android/dx/util/FixedSizeList size ()I 2 7427923 orig 264 8 30 98 112 0 0 0 0 176 44 105 27 0 0 0 0 32 1 0 0 0 0 0 0 0 0 0 0 0 0 0 0 0 0 0 0 0 0 0 0 0 0 0 0 0 0 0 0 0 0 0 0 0 0 0 0 0 0 0 0 0 0 0 0 0 0 0 0 0 0 0 0 0 0 0 0 0 0 0 0 77 68 79 32 101 120 116 114 97 32 100 97 116 97 32 108 111 99 107 0 0 0 0 0 0 0 0 0 0 0 0 0 0 0 0 0 0 0 0 0 0 0 0 0 0 0 0 0 0 0 0 0 0 0 0 0 0 0 0 0 0 0 0 0 0 0 0 0 0 0 0 0 0 0 0 0 0 0 0 0 0 0 0 0 0 0 0 0 0 0 0 0 0 0 0 0 0 0 0 0 0 0 0 0 1 0 0 0 0 0 0 0 0 0 0 0 0 0 0 0 1 0 0 0 0 0 0 0 0 0 0 0 0 0 0 0 55 1 0 0 225 176 138 3 1 0 0 0 0 0 0 0 0 0 0 0 2 0 0 0 0 0 3 0 1 0 0 0 0 0 0 0 255 255 255 255 0 0 0 0 0 0 0 0 data 0 oops 0
ciMethod com/android/dx/command/dexer/Main$ClassTranslatorTask <init> (Ljava/lang/String;[BLcom/android/dx/cf/direct/DirectClassFile;)V 2041 1 6148 0 0
ciMethod com/android/dx/command/dexer/Main$ClassTranslatorTask <init> (Ljava/lang/String;[BLcom/android/dx/cf/direct/DirectClassFile;Lcom/android/dx/command/dexer/Main$1;)V 4097 1 6403 0 0
ciMethod com/android/dx/command/dexer/Main$ClassDefItemConsumer <init> (Ljava/lang/String;Ljava/util/concurrent/Future;II)V 2041 1 6152 0 0
ciMethod com/android/dx/command/dexer/Main$ClassDefItemConsumer <init> (Ljava/lang/String;Ljava/util/concurrent/Future;IILcom/android/dx/command/dexer/Main$1;)V 4097 1 6402 0 0
ciMethodData com/android/dx/cf/direct/DirectClassFile parseToInterfacesIfNecessary ()V 2 189640 orig 264 8 30 98 112 0 0 0 0 176 90 103 27 0 0 0 0 80 1 0 0 0 0 0 0 0 0 0 0 0 0 0 0 0 0 0 0 0 0 0 0 0 0 0 0 0 0 0 0 0 0 0 0 0 0 0 0 0 0 0 0 0 0 0 0 0 0 0 0 0 0 0 0 0 0 0 0 0 0 0 0 77 68 79 32 101 120 116 114 97 32 100 97 116 97 32 108 111 99 107 0 0 0 0 0 0 0 0 0 0 0 0 0 0 0 0 0 0 0 0 0 0 0 0 0 0 0 0 0 0 0 0 0 0 0 0 0 0 0 0 0 0 0 0 0 0 0 0 0 0 0 0 0 0 0 0 0 0 0 0 0 0 0 0 0 0 0 0 0 0 0 0 0 0 0 0 0 0 0 0 0 0 0 0 0 17 0 0 0 0 0 0 0 0 0 0 0 0 0 0 0 0 0 0 0 0 0 0 0 0 0 0 0 0 0 0 0 155 1 0 0 105 25 23 0 1 0 0 0 0 0 0 0 0 0 0 0 2 0 0 0 0 0 6 0 2 0 0 0 48 0 0 0 255 255 255 255 7 0 5 0 0 0 0 0 data 6 0x50007 0x2cead 0x30 0x1481 0x90002 0x1481 oops 0
ciMethodData com/android/dx/cf/direct/DirectClassFile parse ()V 2 9222 orig 264 8 30 98 112 0 0 0 0 192 92 103 27 0 0 0 0 32 3 0 0 0 0 0 0 0 0 0 0 0 0 0 0 0 0 0 0 0 0 0 0 0 0 0 0 0 0 0 0 0 0 0 0 0 0 0 0 0 0 0 0 0 0 0 0 0 0 0 0 0 0 0 0 0 0 0 0 0 0 0 0 77 68 79 32 101 120 116 114 97 32 100 97 116 97 32 108 111 99 107 0 0 0 0 0 0 0 0 0 0 0 0 0 0 0 0 0 0 0 0 0 0 0 0 0 0 0 0 0 0 0 0 0 0 0 0 0 0 0 0 0 0 0 0 0 0 0 0 0 0 0 0 0 0 0 0 0 0 0 0 0 0 0 0 0 0 0 0 0 0 0 0 0 0 0 0 0 0 0 0 0 0 0 0 0 25 0 0 0 0 0 0 0 0 0 0 0 0 0 0 0 0 0 0 0 0 0 0 0 0 0 0 0 0 0 0 0 8 0 0 0 49 160 0 0 1 0 0 0 0 0 0 0 0 0 0 0 2 0 0 0 0 0 7 0 2 0 0 0 216 1 0 0 255 255 255 255 2 0 1 0 0 0 0 0 data 59 0x10002 0x1406 0x40003 0x1406 0x1c8 0xd0002 0x0 0x120005 0x0 0x0 0x0 0x0 0x0 0x190005 0x0 0x0 0x0 0x0 0x0 0x1c0005 0x0 0x0 0x0 0x0 0x0 0x1f0005 0x0 0x0 0x0 0x0 0x0 0x2a0002 0x0 0x330002 0x0 0x380005 0x0 0x0 0x0 0x0 0x0 0x3f0005 0x0 0x0 0x0 0x0 0x0 0x420005 0x0 0x0 0x0 0x0 0x0 0x450005 0x0 0x0 0x0 0x0 0x0 oops 0
ciMethodData com/android/dx/cf/direct/DirectClassFile getConstantPool ()Lcom/android/dx/rop/cst/ConstantPool; 2 142886 orig 264 8 30 98 112 0 0 0 0 120 83 103 27 0 0 0 0 48 1 0 0 0 0 0 0 0 0 0 0 0 0 0 0 0 0 0 0 0 0 0 0 0 0 0 0 0 0 0 0 0 0 0 0 0 0 0 0 0 0 0 0 0 0 0 0 0 0 0 0 0 0 0 0 0 0 0 0 0 0 0 0 77 68 79 32 101 120 116 114 97 32 100 97 116 97 32 108 111 99 107 0 0 0 0 0 0 0 0 0 0 0 0 0 0 0 0 0 0 0 0 0 0 0 0 0 0 0 0 0 0 0 0 0 0 0 0 0 0 0 0 0 0 0 0 0 0 0 0 0 0 0 0 0 0 0 0 0 0 0 0 0 0 0 0 0 0 0 0 0 0 0 0 0 0 0 0 0 0 0 0 0 0 0 0 0 17 0 0 0 0 0 0 0 0 0 0 0 0 0 0 0 0 0 0 0 0 0 0 0 0 0 0 0 0 0 0 0 133 1 0 0 9 101 17 0 1 0 0 0 0 0 0 0 0 0 0 0 2 0 0 0 0 0 7 0 2 0 0 0 16 0 0 0 255 255 255 255 2 0 1 0 0 0 0 0 data 2 0x10002 0x22ca1 oops 0
ciMethodData com/android/dx/cf/direct/DirectClassFile parseToEndIfNecessary ()V 2 41651 orig 264 8 30 98 112 0 0 0 0 120 91 103 27 0 0 0 0 80 1 0 0 0 0 0 0 0 0 0 0 0 0 0 0 0 0 0 0 0 0 0 0 0 0 0 0 0 0 0 0 0 0 0 0 0 0 0 0 0 0 0 0 0 0 0 0 0 0 0 0 0 0 0 0 0 0 0 0 0 0 0 0 77 68 79 32 101 120 116 114 97 32 100 97 116 97 32 108 111 99 107 0 0 0 0 0 0 0 0 0 0 0 0 0 0 0 0 0 0 0 0 0 0 0 0 0 0 0 0 0 0 0 0 0 0 0 0 0 0 0 0 0 0 0 0 0 0 0 0 0 0 0 0 0 0 0 0 0 0 0 0 0 0 0 0 0 0 0 0 0 0 0 0 0 0 0 0 0 0 0 0 0 0 0 0 0 0 0 0 0 0 0 0 0 0 0 0 0 0 0 0 0 0 0 0 0 0 0 0 0 0 0 0 0 0 0 0 0 12 1 0 0 57 13 5 0 1 0 0 0 0 0 0 0 0 0 0 0 2 0 0 0 0 0 6 0 2 0 0 0 48 0 0 0 255 255 255 255 7 0 4 0 0 0 0 0 data 6 0x40007 0xa1a7 0x30 0x0 0x80002 0x0 oops 0
ciMethodData com/android/dx/command/dexer/Main access$1700 ()Lcom/android/dx/dex/file/DexFile; 2 18978 orig 264 8 30 98 112 0 0 0 0 112 123 100 27 0 0 0 0 24 1 0 0 0 0 0 0 0 0 0 0 0 0 0 0 0 0 0 0 0 0 0 0 0 0 0 0 0 0 0 0 0 0 0 0 0 0 0 0 0 0 0 0 0 0 0 0 0 0 0 0 0 0 0 0 0 0 0 0 0 0 0 0 77 68 79 32 101 120 116 114 97 32 100 97 116 97 32 108 111 99 107 0 0 0 0 0 0 0 0 0 0 0 0 0 0 0 0 0 0 0 0 0 0 0 0 0 0 0 0 0 0 0 0 0 0 0 0 0 0 0 0 0 0 0 0 0 0 0 0 0 0 0 0 0 0 0 0 0 0 0 0 0 0 0 0 0 0 0 0 0 0 0 0 0 0 0 0 0 0 0 0 0 0 0 0 0 0 0 0 0 0 0 0 0 0 0 0 0 0 0 0 0 0 0 0 0 0 0 0 0 0 0 0 0 0 0 0 0 0 1 0 0 17 73 2 0 1 0 0 0 0 0 0 0 0 0 0 0 2 0 0 0 0 0 3 0 1 0 0 0 0 0 0 0 255 255 255 255 0 0 0 0 0 0 0 0 data 0 oops 0
ciMethodData com/android/dx/command/dexer/Main access$1800 ()I 2 18084 orig 264 8 30 98 112 0 0 0 0 0 124 100 27 0 0 0 0 24 1 0 0 0 0 0 0 0 0 0 0 0 0 0 0 0 0 0 0 0 0 0 0 0 0 0 0 0 0 0 0 0 0 0 0 0 0 0 0 0 0 0 0 0 0 0 0 0 0 0 0 0 0 0 0 0 0 0 0 0 0 0 0 77 68 79 32 101 120 116 114 97 32 100 97 116 97 32 108 111 99 107 0 0 0 0 0 0 0 0 0 0 0 0 0 0 0 0 0 0 0 0 0 0 0 0 0 0 0 0 0 0 0 0 0 0 0 0 0 0 0 0 0 0 0 0 0 0 0 0 0 0 0 0 0 0 0 0 0 0 0 0 0 0 0 0 0 0 0 0 0 0 0 0 0 0 0 0 0 0 0 0 0 0 0 0 0 0 0 0 0 0 0 0 0 0 0 0 0 0 0 0 0 0 0 0 0 0 0 0 0 0 0 0 0 0 0 0 0 0 1 0 0 33 45 2 0 1 0 0 0 0 0 0 0 0 0 0 0 2 0 0 0 0 0 3 0 1 0 0 0 0 0 0 0 255 255 255 255 0 0 0 0 0 0 0 0 data 0 oops 0
ciMethodData com/android/dx/command/dexer/Main access$2000 ()I 2 18071 orig 264 8 30 98 112 0 0 0 0 144 124 100 27 0 0 0 0 24 1 0 0 0 0 0 0 0 0 0 0 0 0 0 0 0 0 0 0 0 0 0 0 0 0 0 0 0 0 0 0 0 0 0 0 0 0 0 0 0 0 0 0 0 0 0 0 0 0 0 0 0 0 0 0 0 0 0 0 0 0 0 0 77 68 79 32 101 120 116 114 97 32 100 97 116 97 32 108 111 99 107 0 0 0 0 0 0 0 0 0 0 0 0 0 0 0 0 0 0 0 0 0 0 0 0 0 0 0 0 0 0 0 0 0 0 0 0 0 0 0 0 0 0 0 0 0 0 0 0 0 0 0 0 0 0 0 0 0 0 0 0 0 0 0 0 0 0 0 0 0 0 0 0 0 0 0 0 0 0 0 0 0 0 0 0 0 0 0 0 0 0 0 0 0 0 0 0 0 0 0 0 0 0 0 0 0 0 0 0 0 0 0 0 0 0 0 0 0 0 1 0 0 185 44 2 0 1 0 0 0 0 0 0 0 0 0 0 0 2 0 0 0 0 0 3 0 1 0 0 0 0 0 0 0 255 255 255 255 0 0 0 0 0 0 0 0 data 0 oops 0
ciMethodData com/android/dx/command/dexer/Main access$1600 ()Ljava/lang/Object; 2 17190 orig 264 8 30 98 112 0 0 0 0 224 122 100 27 0 0 0 0 24 1 0 0 0 0 0 0 0 0 0 0 0 0 0 0 0 0 0 0 0 0 0 0 0 0 0 0 0 0 0 0 0 0 0 0 0 0 0 0 0 0 0 0 0 0 0 0 0 0 0 0 0 0 0 0 0 0 0 0 0 0 0 0 77 68 79 32 101 120 116 114 97 32 100 97 116 97 32 108 111 99 107 0 0 0 0 0 0 0 0 0 0 0 0 0 0 0 0 0 0 0 0 0 0 0 0 0 0 0 0 0 0 0 0 0 0 0 0 0 0 0 0 0 0 0 0 0 0 0 0 0 0 0 0 0 0 0 0 0 0 0 0 0 0 0 0 0 0 0 0 0 0 0 0 0 0 0 0 0 0 0 0 0 0 0 0 0 0 0 0 0 0 0 0 0 0 0 0 0 0 0 0 0 0 0 0 0 0 0 0 0 0 0 0 0 0 0 0 0 0 1 0 0 49 17 2 0 1 0 0 0 0 0 0 0 0 0 0 0 2 0 0 0 0 0 3 0 1 0 0 0 0 0 0 0 255 255 255 255 0 0 0 0 0 0 0 0 data 0 oops 0
ciMethodData com/android/dx/command/dexer/Main access$1300 ()Lcom/android/dx/command/dexer/Main$Arguments; 2 24608 orig 264 8 30 98 112 0 0 0 0 16 121 100 27 0 0 0 0 24 1 0 0 0 0 0 0 0 0 0 0 0 0 0 0 0 0 0 0 0 0 0 0 0 0 0 0 0 0 0 0 0 0 0 0 0 0 0 0 0 0 0 0 0 0 0 0 0 0 0 0 0 0 0 0 0 0 0 0 0 0 0 0 77 68 79 32 101 120 116 114 97 32 100 97 116 97 32 108 111 99 107 0 0 0 0 0 0 0 0 0 0 0 0 0 0 0 0 0 0 0 0 0 0 0 0 0 0 0 0 0 0 0 0 0 0 0 0 0 0 0 0 0 0 0 0 0 0 0 0 0 0 0 0 0 0 0 0 0 0 0 0 0 0 0 0 0 0 0 0 0 0 0 0 0 0 0 0 0 0 0 0 0 0 0 0 0 0 0 0 0 0 0 0 0 0 0 0 0 0 0 0 0 0 0 0 0 0 0 0 0 0 0 0 0 0 0 0 0 128 1 0 0 241 196 2 0 1 0 0 0 0 0 0 0 0 0 0 0 2 0 0 0 0 0 3 0 1 0 0 0 0 0 0 0 255 255 255 255 0 0 0 0 0 0 0 0 data 0 oops 0
ciMethodData com/android/dx/cf/direct/DirectClassFile getMethods ()Lcom/android/dx/cf/iface/MethodList; 2 10221 orig 264 8 30 98 112 0 0 0 0 112 85 103 27 0 0 0 0 48 1 0 0 0 0 0 0 0 0 0 0 0 0 0 0 0 0 0 0 0 0 0 0 0 0 0 0 0 0 0 0 0 0 0 0 0 0 0 0 0 0 0 0 0 0 0 0 0 0 0 0 0 0 0 0 0 0 0 0 0 0 0 0 77 68 79 32 101 120 116 114 97 32 100 97 116 97 32 108 111 99 107 0 0 0 0 0 0 0 0 0 0 0 0 0 0 0 0 0 0 0 0 0 0 0 0 0 0 0 0 0 0 0 0 0 0 0 0 0 0 0 0 0 0 0 0 0 0 0 0 0 0 0 0 0 0 0 0 0 0 0 0 0 0 0 0 0 0 0 0 0 0 0 0 0 0 0 0 0 0 0 0 0 0 0 0 0 0 0 0 0 0 0 0 0 0 0 0 0 0 0 0 0 0 0 0 0 0 0 0 0 0 0 0 0 0 0 0 0 0 1 0 0 81 37 1 0 1 0 0 0 0 0 0 0 0 0 0 0 2 0 0 0 0 0 6 0 2 0 0 0 16 0 0 0 255 255 255 255 2 0 1 0 0 0 0 0 data 2 0x10002 0x24aa oops 0
ciMethodData com/android/dx/rop/cst/StdConstantPool size ()I 2 11767 orig 264 8 30 98 112 0 0 0 0 224 104 104 27 0 0 0 0 32 1 0 0 0 0 0 0 0 0 0 0 0 0 0 0 0 0 0 0 0 0 0 0 0 0 0 0 0 0 0 0 0 0 0 0 0 0 0 0 0 0 0 0 0 0 0 0 0 0 0 0 0 0 0 0 0 0 0 0 0 0 0 0 77 68 79 32 101 120 116 114 97 32 100 97 116 97 32 108 111 99 107 0 0 0 0 0 0 0 0 0 0 0 0 0 0 0 0 0 0 0 0 0 0 0 0 0 0 0 0 0 0 0 0 0 0 0 0 0 0 0 0 0 0 0 0 0 0 0 0 0 0 0 0 0 0 0 0 0 0 0 0 0 0 0 0 0 0 0 0 0 0 0 0 0 0 0 0 0 0 0 0 0 0 0 0 0 1 0 0 0 0 0 0 0 0 0 0 0 0 0 0 0 1 0 0 0 0 0 0 0 0 0 0 0 0 0 0 0 227 0 0 0 185 47 1 0 1 0 0 0 0 0 0 0 0 0 0 0 2 0 0 0 0 0 3 0 1 0 0 0 0 0 0 0 255 255 255 255 0 0 0 0 0 0 0 0 data 0 oops 0
ciMethodData com/android/dx/cf/direct/DirectClassFile getFields ()Lcom/android/dx/cf/iface/FieldList; 2 7436 orig 264 8 30 98 112 0 0 0 0 200 84 103 27 0 0 0 0 48 1 0 0 0 0 0 0 0 0 0 0 0 0 0 0 0 0 0 0 0 0 0 0 0 0 0 0 0 0 0 0 0 0 0 0 0 0 0 0 0 0 0 0 0 0 0 0 0 0 0 0 0 0 0 0 0 0 0 0 0 0 0 0 77 68 79 32 101 120 116 114 97 32 100 97 116 97 32 108 111 99 107 0 0 0 0 0 0 0 0 0 0 0 0 0 0 0 0 0 0 0 0 0 0 0 0 0 0 0 0 0 0 0 0 0 0 0 0 0 0 0 0 0 0 0 0 0 0 0 0 0 0 0 0 0 0 0 0 0 0 0 0 0 0 0 0 0 0 0 0 0 0 0 0 0 0 0 0 0 0 0 0 0 0 0 0 0 0 0 0 0 0 0 0 0 0 0 0 0 0 0 0 0 0 0 0 0 0 0 0 0 0 0 0 0 0 0 0 0 0 1 0 0 209 208 0 0 1 0 0 0 0 0 0 0 0 0 0 0 2 0 0 0 0 0 6 0 2 0 0 0 16 0 0 0 255 255 255 255 2 0 1 0 0 0 0 0 data 2 0x10002 0x1a1a oops 0
ciMethodData com/android/dx/command/dexer/Main access$1802 (I)I 2 11794 orig 264 8 30 98 112 0 0 0 0 192 125 100 27 0 0 0 0 32 1 0 0 0 0 0 0 0 0 0 0 0 0 0 0 0 0 0 0 0 0 0 0 0 0 0 0 0 0 0 0 0 0 0 0 0 0 0 0 0 0 0 0 0 0 0 0 0 0 0 0 0 0 0 0 0 0 0 0 0 0 0 0 77 68 79 32 101 120 116 114 97 32 100 97 116 97 32 108 111 99 107 0 0 0 0 0 0 0 0 0 0 0 0 0 0 0 0 0 0 0 0 0 0 0 0 0 0 0 0 0 0 0 0 0 0 0 0 0 0 0 0 0 0 0 0 0 0 0 0 0 0 0 0 0 0 0 0 0 0 0 0 0 0 0 0 0 0 0 0 0 0 0 0 0 0 0 0 0 0 0 0 0 0 0 0 0 0 0 0 0 0 0 0 0 0 0 0 0 0 0 0 0 0 0 0 0 0 0 0 0 0 0 0 0 0 0 0 0 0 1 0 0 145 84 1 0 1 0 0 0 0 0 0 0 0 0 0 0 2 0 0 0 0 0 3 0 1 0 0 0 0 0 0 0 255 255 255 255 0 0 0 0 0 0 0 0 data 0 oops 0
ciMethodData com/android/dx/command/dexer/Main access$2002 (I)I 2 11794 orig 264 8 30 98 112 0 0 0 0 96 126 100 27 0 0 0 0 32 1 0 0 0 0 0 0 0 0 0 0 0 0 0 0 0 0 0 0 0 0 0 0 0 0 0 0 0 0 0 0 0 0 0 0 0 0 0 0 0 0 0 0 0 0 0 0 0 0 0 0 0 0 0 0 0 0 0 0 0 0 0 0 77 68 79 32 101 120 116 114 97 32 100 97 116 97 32 108 111 99 107 0 0 0 0 0 0 0 0 0 0 0 0 0 0 0 0 0 0 0 0 0 0 0 0 0 0 0 0 0 0 0 0 0 0 0 0 0 0 0 0 0 0 0 0 0 0 0 0 0 0 0 0 0 0 0 0 0 0 0 0 0 0 0 0 0 0 0 0 0 0 0 0 0 0 0 0 0 0 0 0 0 0 0 0 0 0 0 0 0 0 0 0 0 0 0 0 0 0 0 0 0 0 0 0 0 0 0 0 0 0 0 0 0 0 0 0 0 0 1 0 0 145 84 1 0 1 0 0 0 0 0 0 0 0 0 0 0 2 0 0 0 0 0 3 0 1 0 0 0 0 0 0 0 255 255 255 255 0 0 0 0 0 0 0 0 data 0 oops 0
ciMethodData com/android/dx/command/dexer/Main$DirectClassFileConsumer call (Lcom/android/dx/cf/direct/DirectClassFile;)Ljava/lang/Boolean; 2 10244 orig 264 8 30 98 112 0 0 0 0 0 31 103 27 0 0 0 0 32 9 0 0 224 6 0 0 0 0 0 0 0 0 0 0 0 0 0 0 0 0 0 0 0 0 0 0 0 0 0 0 0 0 0 0 0 0 0 0 0 0 0 0 0 0 0 0 0 0 0 0 0 0 0 0 0 0 0 0 0 0 0 0 77 68 79 32 101 120 116 114 97 32 100 97 116 97 32 108 111 99 107 0 0 0 0 0 0 0 0 0 0 0 0 0 0 0 0 0 0 0 0 0 0 0 0 0 0 0 0 0 0 0 0 0 0 0 0 0 0 0 0 0 0 0 0 0 0 0 0 0 0 0 0 0 0 0 0 0 0 0 0 0 0 0 0 0 0 0 0 0 0 0 0 0 0 0 0 0 0 0 0 0 0 0 0 0 0 0 0 0 0 0 0 0 0 0 0 0 0 0 0 0 0 0 0 0 0 0 0 0 0 0 0 0 0 0 0 0 255 0 0 0 25 192 0 0 57 0 0 0 0 0 0 0 0 0 0 0 2 0 0 0 1 0 81 0 2 0 0 0 208 7 0 0 255 255 255 255 2 0 4 0 0 0 0 0 data 250 0x40002 0x1803 0xa0007 0x0 0x6d0 0x1803 0xe0005 0x0 0x1f39b410 0x1803 0x0 0x0 0x110005 0x0 0x1f39be50 0x1803 0x0 0x0 0x1b0005 0x0 0x1f39b410 0x1803 0x0 0x0 0x1e0005 0x0 0x1f39bf00 0x1803 0x0 0x0 0x2a0005 0x0 0x1f39b410 0x1803 0x0 0x0 0x2d0005 0x0 0x1f39bfb0 0x1803 0x0 0x0 0x370002 0x1803 0x3e0002 0x1803 0x450002 0x1803 0x480005 0x101 0x1f39c060 0x1702 0x0 0x0 0x4b0005 0x101 0x1f39c110 0x1702 0x0 0x0 0x4e0005 0x0 0x1f39c1c0 0x1803 0x0 0x0 0x550002 0x1803 0x580005 0x101 0x1f39c060 0x1702 0x0 0x0 0x5b0005 0x101 0x1f39c270 0x1702 0x0 0x0 0x5e0005 0x0 0x1f39c1c0 0x1803 0x0 0x0 0x680003 0x1803 0x18 0x770002 0x180a 0x7b0002 0x180a 0x7e0002 0x180a 0x810007 0x7 0x70 0x1803 0x880002 0x1803 0x8c0002 0x1803 0x8f0002 0x1803 0x920007 0x1803 0x340 0x0 0x950002 0x7 0x980007 0x6 0x50 0x1 0x9b0002 0x1 0x9e0007 0x1 0x90 0x0 0xa10002 0x6 0xa40005 0x0 0x1bb148e0 0x6 0x0 0x0 0xa70003 0x6 0x100 0xac0003 0x0 0xe8 0xaf0002 0x1 0xb20005 0x0 0x1f39c060 0x1 0x0 0x0 0xb50005 0x0 0x1f39c320 0x1 0x0 0x0 0xb80005 0x0 0x1f39c1c0 0x1 0x0 0x0 0xbd0007 0x0 0x1b0 0x1 0xc00002 0x1 0xc30002 0x7 0xca0002 0x7 0xcd0005 0x0 0x1f39c060 0x7 0x0 0x0 0xd00005 0x0 0x1f39c110 0x7 0x0 0x0 0xd30005 0x0 0x1f39c1c0 0x7 0x0 0x0 0xda0002 0x7 0xdd0005 0x0 0x1f39c060 0x7 0x0 0x0 0xe00005 0x0 0x1f39c270 0x7 0x0 0x0 0xe30005 0x0 0x1f39c1c0 0x7 0x0 0x0 0xed0003 0x7 0x18 0xf80003 0x7 0xfffffffffffffc58 0xfb0002 0x1803 0x1000002 0x1803 0x1040002 0x1803 0x1090002 0x1803 0x1100003 0x1803 0x18 0x11b0002 0x1803 0x12c0002 0x1803 0x12f0005 0x0 0x1f39c3d0 0x1803 0x0 0x0 0x1360002 0x1803 0x1460002 0x1803 0x1490005 0x0 0x1f39c480 0x1803 0x0 0x0 0x1500002 0x1803 0x1550005 0x0 0x1f39c530 0x1803 0x0 0x0 0x15c0002 0x1803 oops 25 8 com/android/dx/cf/direct/DirectClassFile 14 com/android/dx/rop/cst/StdConstantPool 20 com/android/dx/cf/direct/DirectClassFile 26 com/android/dx/cf/iface/StdMethodList 32 com/android/dx/cf/direct/DirectClassFile 38 com/android/dx/cf/iface/StdFieldList 50 com/android/dx/dex/file/DexFile 56 com/android/dx/dex/file/MethodIdsSection 62 java/util/TreeMap$Values 70 com/android/dx/dex/file/DexFile 76 com/android/dx/dex/file/FieldIdsSection 82 java/util/TreeMap$Values 125 java/lang/Object 139 com/android/dx/dex/file/DexFile 145 com/android/dx/dex/file/ClassDefsSection 151 java/util/TreeMap$Values 167 com/android/dx/dex/file/DexFile 173 com/android/dx/dex/file/MethodIdsSection 179 java/util/TreeMap$Values 187 com/android/dx/dex/file/DexFile 193 com/android/dx/dex/file/FieldIdsSection 199 java/util/TreeMap$Values 226 java/util/concurrent/ThreadPoolExecutor 236 java/util/concurrent/Executors$FinalizableDelegatedExecutorService 244 java/util/ArrayList
ciMethodData com/android/dx/dex/file/MethodIdsSection items ()Ljava/util/Collection; 2 6417 orig 264 8 30 98 112 0 0 0 0 96 178 102 27 0 0 0 0 120 1 0 0 0 0 0 0 0 0 0 0 0 0 0 0 0 0 0 0 0 0 0 0 0 0 0 0 0 0 0 0 0 0 0 0 0 0 0 0 0 0 0 0 0 0 0 0 0 0 0 0 0 0 0 0 0 0 0 0 0 0 0 0 77 68 79 32 101 120 116 114 97 32 100 97 116 97 32 108 111 99 107 0 0 0 0 0 0 0 0 0 0 0 0 0 0 0 0 0 0 0 0 0 0 0 0 0 0 0 0 0 0 0 0 0 0 0 0 0 0 0 0 0 0 0 0 0 0 0 0 0 0 0 0 0 0 0 0 0 0 0 0 0 0 0 0 0 0 0 0 0 0 0 0 0 0 0 0 0 0 0 0 0 0 0 0 0 0 0 0 0 0 0 0 0 0 0 0 0 0 0 0 0 0 0 0 0 0 0 0 0 0 0 0 0 0 0 0 0 0 1 0 0 89 184 0 0 1 0 0 0 0 0 0 0 0 0 0 0 2 0 0 0 0 0 6 0 2 0 0 0 48 0 0 0 255 255 255 255 5 0 4 0 0 0 0 0 data 6 0x40005 0x0 0x1ed62130 0x170b 0x0 0x0 oops 1 2 java/util/TreeMap
ciMethodData com/android/dx/dex/file/FieldIdsSection items ()Ljava/util/Collection; 2 6417 orig 264 8 30 98 112 0 0 0 0 8 148 102 27 0 0 0 0 120 1 0 0 0 0 0 0 0 0 0 0 0 0 0 0 0 0 0 0 0 0 0 0 0 0 0 0 0 0 0 0 0 0 0 0 0 0 0 0 0 0 0 0 0 0 0 0 0 0 0 0 0 0 0 0 0 0 0 0 0 0 0 0 77 68 79 32 101 120 116 114 97 32 100 97 116 97 32 108 111 99 107 0 0 0 0 0 0 0 0 0 0 0 0 0 0 0 0 0 0 0 0 0 0 0 0 0 0 0 0 0 0 0 0 0 0 0 0 0 0 0 0 0 0 0 0 0 0 0 0 0 0 0 0 0 0 0 0 0 0 0 0 0 0 0 0 0 0 0 0 0 0 0 0 0 0 0 0 0 0 0 0 0 0 0 0 0 0 0 0 0 0 0 0 0 0 0 0 0 0 0 0 0 0 0 0 0 0 0 0 0 0 0 0 0 0 0 0 0 0 1 0 0 89 184 0 0 1 0 0 0 0 0 0 0 0 0 0 0 2 0 0 0 0 0 6 0 2 0 0 0 48 0 0 0 255 255 255 255 5 0 4 0 0 0 0 0 data 6 0x40005 0x0 0x1ed62130 0x170b 0x0 0x0 oops 1 2 java/util/TreeMap
ciMethodData com/android/dx/command/dexer/Main access$2300 ()Ljava/util/concurrent/ExecutorService; 2 6404 orig 264 8 30 98 112 0 0 0 0 240 126 100 27 0 0 0 0 24 1 0 0 0 0 0 0 0 0 0 0 0 0 0 0 0 0 0 0 0 0 0 0 0 0 0 0 0 0 0 0 0 0 0 0 0 0 0 0 0 0 0 0 0 0 0 0 0 0 0 0 0 0 0 0 0 0 0 0 0 0 0 0 77 68 79 32 101 120 116 114 97 32 100 97 116 97 32 108 111 99 107 0 0 0 0 0 0 0 0 0 0 0 0 0 0 0 0 0 0 0 0 0 0 0 0 0 0 0 0 0 0 0 0 0 0 0 0 0 0 0 0 0 0 0 0 0 0 0 0 0 0 0 0 0 0 0 0 0 0 0 0 0 0 0 0 0 0 0 0 0 0 0 0 0 0 0 0 0 0 0 0 0 0 0 0 0 0 0 0 0 0 0 0 0 0 0 0 0 0 0 0 0 0 0 0 0 0 0 0 0 0 0 0 0 0 0 0 0 0 1 0 0 33 184 0 0 1 0 0 0 0 0 0 0 0 0 0 0 2 0 0 0 0 0 3 0 1 0 0 0 0 0 0 0 255 255 255 255 0 0 0 0 0 0 0 0 data 0 oops 0
ciMethodData com/android/dx/command/dexer/Main$ClassTranslatorTask <init> (Ljava/lang/String;[BLcom/android/dx/cf/direct/DirectClassFile;Lcom/android/dx/command/dexer/Main$1;)V 2 6404 orig 264 8 30 98 112 0 0 0 0 56 250 107 27 0 0 0 0 80 1 0 0 0 0 0 0 0 0 0 0 0 0 0 0 0 0 0 0 0 0 0 0 0 0 0 0 0 0 0 0 0 0 0 0 0 0 0 0 0 0 0 0 0 0 0 0 0 0 0 0 0 0 0 0 0 0 0 0 0 0 0 0 77 68 79 32 101 120 116 114 97 32 100 97 116 97 32 108 111 99 107 0 0 0 0 0 0 0 0 0 0 0 0 0 0 0 0 0 0 0 0 0 0 0 0 0 0 0 0 0 0 0 0 0 0 0 0 0 0 0 0 0 0 0 0 0 0 0 0 0 0 0 0 0 0 0 0 0 0 0 0 0 0 0 0 0 0 0 0 0 0 0 0 0 0 0 0 0 0 0 0 0 0 0 0 0 0 0 0 0 0 0 0 0 0 0 0 0 0 0 0 0 0 0 0 0 0 0 0 0 0 0 0 0 0 0 0 0 0 1 0 0 33 184 0 0 1 0 0 0 0 0 0 0 0 0 0 0 2 0 0 0 0 0 3 0 2 0 0 0 16 0 0 0 255 255 255 255 2 0 4 0 0 0 0 0 data 2 0x40002 0x1704 oops 0
ciMethodData com/android/dx/command/dexer/Main$ClassTranslatorTask <init> (Ljava/lang/String;[BLcom/android/dx/cf/direct/DirectClassFile;)V 2 6148 orig 264 8 30 98 112 0 0 0 0 0 248 107 27 0 0 0 0 72 1 0 0 0 0 0 0 0 0 0 0 0 0 0 0 0 0 0 0 0 0 0 0 0 0 0 0 0 0 0 0 0 0 0 0 0 0 0 0 0 0 0 0 0 0 0 0 0 0 0 0 0 0 0 0 0 0 0 0 0 0 0 0 77 68 79 32 101 120 116 114 97 32 100 97 116 97 32 108 111 99 107 0 0 0 0 0 0 0 0 0 0 0 0 0 0 0 0 0 0 0 0 0 0 0 0 0 0 0 0 0 0 0 0 0 0 0 0 0 0 0 0 0 0 0 0 0 0 0 0 0 0 0 0 0 0 0 0 0 0 0 0 0 0 0 0 0 0 0 0 0 0 0 0 0 0 0 0 0 0 0 0 0 0 0 0 0 0 0 0 0 0 0 0 0 0 0 0 0 0 0 0 0 0 0 0 0 0 0 0 0 0 0 0 0 0 0 0 0 255 0 0 0 41 184 0 0 1 0 0 0 0 0 0 0 0 0 0 0 2 0 0 0 0 0 0 0 0 0 0 0 16 0 0 0 255 255 255 255 2 0 1 0 0 0 0 0 data 2 0x10002 0x1705 oops 0
ciMethodData com/android/dx/command/dexer/Main access$2500 ()Ljava/util/concurrent/ExecutorService; 2 6408 orig 264 8 30 98 112 0 0 0 0 128 127 100 27 0 0 0 0 24 1 0 0 0 0 0 0 0 0 0 0 0 0 0 0 0 0 0 0 0 0 0 0 0 0 0 0 0 0 0 0 0 0 0 0 0 0 0 0 0 0 0 0 0 0 0 0 0 0 0 0 0 0 0 0 0 0 0 0 0 0 0 0 77 68 79 32 101 120 116 114 97 32 100 97 116 97 32 108 111 99 107 0 0 0 0 0 0 0 0 0 0 0 0 0 0 0 0 0 0 0 0 0 0 0 0 0 0 0 0 0 0 0 0 0 0 0 0 0 0 0 0 0 0 0 0 0 0 0 0 0 0 0 0 0 0 0 0 0 0 0 0 0 0 0 0 0 0 0 0 0 0 0 0 0 0 0 0 0 0 0 0 0 0 0 0 0 0 0 0 0 0 0 0 0 0 0 0 0 0 0 0 0 0 0 0 0 0 0 0 0 0 0 0 0 0 0 0 0 0 1 0 0 65 184 0 0 1 0 0 0 0 0 0 0 0 0 0 0 2 0 0 0 0 0 3 0 1 0 0 0 0 0 0 0 255 255 255 255 0 0 0 0 0 0 0 0 data 0 oops 0
ciMethodData com/android/dx/command/dexer/Main$ClassDefItemConsumer <init> (Ljava/lang/String;Ljava/util/concurrent/Future;IILcom/android/dx/command/dexer/Main$1;)V 2 6408 orig 264 8 30 98 112 0 0 0 0 8 45 108 27 0 0 0 0 88 1 0 0 0 0 0 0 0 0 0 0 0 0 0 0 0 0 0 0 0 0 0 0 0 0 0 0 0 0 0 0 0 0 0 0 0 0 0 0 0 0 0 0 0 0 0 0 0 0 0 0 0 0 0 0 0 0 0 0 0 0 0 0 77 68 79 32 101 120 116 114 97 32 100 97 116 97 32 108 111 99 107 0 0 0 0 0 0 0 0 0 0 0 0 0 0 0 0 0 0 0 0 0 0 0 0 0 0 0 0 0 0 0 0 0 0 0 0 0 0 0 0 0 0 0 0 0 0 0 0 0 0 0 0 0 0 0 0 0 0 0 0 0 0 0 0 0 0 0 0 0 0 0 0 0 0 0 0 0 0 0 0 0 0 0 0 0 0 0 0 0 0 0 0 0 0 0 0 0 0 0 0 0 0 0 0 0 0 0 0 0 0 0 0 0 0 0 0 0 0 1 0 0 65 184 0 0 1 0 0 0 0 0 0 0 0 0 0 0 2 0 0 0 0 0 3 0 2 0 0 0 16 0 0 0 255 255 255 255 2 0 6 0 0 0 0 0 data 2 0x60002 0x1708 oops 0
ciMethodData com/android/dx/command/dexer/Main$ClassDefItemConsumer <init> (Ljava/lang/String;Ljava/util/concurrent/Future;II)V 2 6152 orig 264 8 30 98 112 0 0 0 0 64 41 108 27 0 0 0 0 80 1 0 0 0 0 0 0 0 0 0 0 0 0 0 0 0 0 0 0 0 0 0 0 0 0 0 0 0 0 0 0 0 0 0 0 0 0 0 0 0 0 0 0 0 0 0 0 0 0 0 0 0 0 0 0 0 0 0 0 0 0 0 0 77 68 79 32 101 120 116 114 97 32 100 97 116 97 32 108 111 99 107 0 0 0 0 0 0 0 0 0 0 0 0 0 0 0 0 0 0 0 0 0 0 0 0 0 0 0 0 0 0 0 0 0 0 0 0 0 0 0 0 0 0 0 0 0 0 0 0 0 0 0 0 0 0 0 0 0 0 0 0 0 0 0 0 0 0 0 0 0 0 0 0 0 0 0 0 0 0 0 0 0 0 0 0 0 0 0 0 0 0 0 0 0 0 0 0 0 0 0 0 0 0 0 0 0 0 0 0 0 0 0 0 0 0 0 0 0 255 0 0 0 73 184 0 0 1 0 0 0 0 0 0 0 0 0 0 0 2 0 0 0 0 0 0 0 0 0 0 0 16 0 0 0 255 255 255 255 2 0 1 0 0 0 0 0 data 2 0x10002 0x1709 oops 0
ciMethodData com/android/dx/command/dexer/Main access$2100 ()V 1 1 orig 264 8 30 98 112 0 0 0 0 32 125 100 27 0 0 0 0 80 1 0 0 0 0 0 0 0 0 0 0 0 0 0 0 0 0 0 0 0 0 0 0 0 0 0 0 0 0 0 0 0 0 0 0 0 0 0 0 0 0 0 0 0 0 0 0 0 0 0 0 0 0 0 0 0 0 0 0 0 0 0 0 77 68 79 32 101 120 116 114 97 32 100 97 116 97 32 108 111 99 107 0 0 0 0 0 0 0 0 0 0 0 0 0 0 0 0 0 0 0 0 0 0 0 0 0 0 0 0 0 0 0 0 0 0 0 0 0 0 0 0 0 0 0 0 0 0 0 0 0 0 0 0 0 0 0 0 0 0 0 0 0 0 0 0 0 0 0 0 0 0 0 0 0 0 0 0 0 0 0 0 0 0 0 0 0 0 0 0 0 0 0 0 0 0 0 0 0 0 0 0 0 0 0 0 0 0 0 0 0 0 0 0 0 0 0 0 0 0 0 0 0 9 0 0 0 1 0 0 0 0 0 0 0 0 0 0 0 2 0 0 0 0 0 0 0 0 0 0 0 16 0 0 0 255 255 255 255 2 0 0 0 0 0 0 0 data 2 0x2 0x1 oops 0
ciMethod com/android/dx/cf/iface/ParseObserver parsed (Lcom/android/dx/util/ByteArray;IILjava/lang/String;)V 0 0 1 0 -1
ciMethod com/android/dx/command/dexer/Main$DexWriter <init> (Lcom/android/dx/dex/file/DexFile;Lcom/android/dx/command/dexer/Main$1;)V 9 1 1 0 -1
instanceKlass java/util/zip/Adler32
instanceKlass com/android/dx/cf/code/Ropper$1
instanceKlass sun/security/provider/ByteArrayAccess
instanceKlass sun/security/jca/GetInstance$Instance
instanceKlass java/security/Provider$UString
instanceKlass java/security/Provider$Service
instanceKlass java/util/LinkedHashMap$LinkedHashIterator
instanceKlass sun/security/provider/NativePRNG$NonBlocking
instanceKlass sun/security/provider/NativePRNG$Blocking
instanceKlass sun/security/provider/NativePRNG
instanceKlass sun/security/provider/SunEntries$1
instanceKlass sun/security/provider/SunEntries
instanceKlass sun/security/jca/ProviderConfig$2
instanceKlass sun/security/jca/ProviderList$2
instanceKlass sun/misc/FDBigInteger
instanceKlass sun/misc/FloatingDecimal$PreparedASCIIToBinaryBuffer
instanceKlass sun/misc/FloatingDecimal$ASCIIToBinaryConverter
instanceKlass sun/misc/FloatingDecimal$BinaryToASCIIBuffer
instanceKlass sun/misc/FloatingDecimal$ExceptionalBinaryToASCIIBuffer
instanceKlass sun/misc/FloatingDecimal$BinaryToASCIIConverter
instanceKlass sun/misc/FloatingDecimal
instanceKlass java/security/Provider$EngineDescription
instanceKlass java/security/Provider$ServiceKey
instanceKlass sun/security/jca/ProviderConfig
instanceKlass sun/security/jca/ProviderList
instanceKlass sun/security/jca/Providers
instanceKlass sun/security/jca/GetInstance
instanceKlass java/util/Properties$LineReader
instanceKlass java/security/Security$1
instanceKlass java/security/Security
instanceKlass java/security/MessageDigestSpi
instanceKlass com/android/dx/dex/file/AnnotationItem$1
instanceKlass com/android/dx/command/dexer/Main$1
instanceKlass com/android/dex/DexFormat
instanceKlass com/android/dex/EncodedValueCodec
instanceKlass com/android/dx/dex/file/DebugInfoEncoder$2
instanceKlass com/android/dx/dex/file/DebugInfoEncoder$1
instanceKlass com/android/dx/dex/file/DebugInfoEncoder
instanceKlass com/android/dx/rop/code/RegisterSpecList$1
instanceKlass com/android/dx/rop/code/RegisterSpecList$Expander
instanceKlass com/android/dx/util/ByteArrayAnnotatedOutput
instanceKlass com/android/dx/dex/code/CatchTable$Entry
instanceKlass com/android/dx/dex/code/CatchHandlerList$Entry
instanceKlass com/android/dx/dex/code/LocalList$Entry
instanceKlass com/android/dx/dex/code/LocalList$MakeState
instanceKlass com/android/dx/dex/code/PositionList$Entry
instanceKlass com/android/dx/dex/file/CodeItem$1
instanceKlass com/android/dx/dex/file/MixedItemSection$2
instanceKlass java/util/Collections$1
instanceKlass com/android/dex/Leb128
instanceKlass com/android/dx/dex/file/CatchStructs
instanceKlass com/android/dx/util/ListIntSet$1
instanceKlass com/android/dx/util/ListIntSet
instanceKlass com/android/dx/rop/cst/Zeroes
instanceKlass java/util/NavigableSet
instanceKlass java/util/SortedSet
instanceKlass com/android/dx/command/dexer/Main$DexWriter
instanceKlass com/android/dx/rop/code/RegisterSpec$1
instanceKlass com/android/dx/ssa/Dominators$1
instanceKlass com/android/dx/cf/iface/ParseObserver
instanceKlass java/util/regex/Pattern$TreeInfo
instanceKlass com/android/dx/command/dexer/Main$NotFilter
instanceKlass com/android/dx/rop/code/RegOps
instanceKlass sun/reflect/generics/reflectiveObjects/LazyReflectiveObjectGenerator
instanceKlass java/lang/reflect/TypeVariable
instanceKlass sun/reflect/generics/reflectiveObjects/ParameterizedTypeImpl
instanceKlass java/lang/reflect/ParameterizedType
instanceKlass sun/reflect/generics/visitor/Reifier
instanceKlass sun/reflect/generics/visitor/TypeTreeVisitor
instanceKlass sun/reflect/generics/tree/ClassSignature
instanceKlass sun/reflect/generics/tree/Signature
instanceKlass sun/reflect/generics/tree/ClassTypeSignature
instanceKlass sun/reflect/generics/tree/SimpleClassTypeSignature
instanceKlass sun/reflect/generics/tree/FieldTypeSignature
instanceKlass sun/reflect/generics/tree/BaseType
instanceKlass sun/reflect/generics/tree/TypeSignature
instanceKlass sun/reflect/generics/tree/ReturnType
instanceKlass sun/reflect/generics/tree/TypeArgument
instanceKlass sun/reflect/generics/tree/FormalTypeParameter
instanceKlass sun/reflect/generics/tree/TypeTree
instanceKlass sun/reflect/generics/tree/Tree
instanceKlass sun/reflect/generics/parser/SignatureParser
instanceKlass sun/reflect/generics/factory/CoreReflectionFactory
instanceKlass sun/reflect/generics/factory/GenericsFactory
instanceKlass sun/reflect/generics/scope/AbstractScope
instanceKlass sun/reflect/generics/scope/Scope
instanceKlass java/util/ArrayList$1
instanceKlass com/android/dx/cf/code/Ropper$ExceptionHandlerSetup
instanceKlass java/util/DualPivotQuicksort
instanceKlass com/android/dx/ssa/back/FirstFitLocalCombiningAllocator$Multiset
instanceKlass com/android/dx/ssa/PhiInsn$Operand
instanceKlass com/android/dx/dex/file/ParameterAnnotationStruct
instanceKlass com/android/dx/dex/code/DalvCode
instanceKlass com/android/dx/dex/code/StdCatchBuilder
instanceKlass com/android/dx/dex/code/RopToDop
instanceKlass com/android/dx/dex/code/OutputFinisher
instanceKlass com/android/dx/dex/code/OutputCollector
instanceKlass com/android/dx/rop/code/Insn$BaseVisitor
instanceKlass com/android/dx/io/Opcodes
instanceKlass com/android/dx/dex/code/InsnFormat
instanceKlass com/android/dx/dex/code/Dop
instanceKlass com/android/dx/dex/code/Dops
instanceKlass com/android/dx/dex/code/BlockAddresses
instanceKlass com/android/dx/dex/code/CatchBuilder
instanceKlass com/android/dx/dex/code/DalvInsn
instanceKlass com/android/dx/dex/code/RopTranslator$TranslationVisitor
instanceKlass com/android/dx/dex/code/RopTranslator
instanceKlass com/android/dx/rop/code/LocalVariableExtractor
instanceKlass com/android/dx/ssa/back/IdenticalBlockCombiner
instanceKlass com/android/dx/ssa/back/SsaToRop$1
instanceKlass com/android/dx/ssa/back/SsaToRop$PhiVisitor
instanceKlass com/android/dx/ssa/back/FirstFitLocalCombiningAllocator$1
